TpTrace Verbose: 0 : 34284, 1, 2024/08/19, 10:20:26.409, 637950106119, vstest.console.dll, Version: 17.10.0-release-24317-02 Current process architecture: X64
TpTrace Verbose: 0 : 34284, 1, 2024/08/19, 10:20:26.418, 637950198190, vstest.console.dll, Runtime location: C:\Program Files\dotnet\shared\Microsoft.NETCore.App\8.0.8
TpTrace Verbose: 0 : 34284, 1, 2024/08/19, 10:20:26.426, 637950274126, vstest.console.dll, ArtifactProcessingPostProcessModeProcessorExecutor.Initialize: ArtifactProcessingMode.Collect
TpTrace Verbose: 0 : 34284, 1, 2024/08/19, 10:20:26.426, 637950278803, vstest.console.dll, TestSessionCorrelationIdProcessorModeProcessorExecutor.Initialize: TestSessionCorrelationId '16112_1b3b3762-48c3-4046-81c0-3b614d2cf8b1'
TpTrace Information: 0 : 34284, 1, 2024/08/19, 10:20:26.444, 637950454963, vstest.console.dll, FilePatternParser: The given file C:\Dev\ReelMatics\ReelMatics.Tests\bin\Debug\net8.0\fine-code-coverage\build-output\ReelMatics.Tests.dll is a full path.
TpTrace Verbose: 0 : 34284, 1, 2024/08/19, 10:20:26.461, 637950625757, vstest.console.dll, TestPluginCache.DiscoverTestExtensions: finding test extensions in assemblies ends with: RuntimeProvider.dll TPluginInfo: Microsoft.VisualStudio.TestPlatform.Common.ExtensionFramework.Utilities.TestRuntimePluginInformation TExtension: Microsoft.VisualStudio.TestPlatform.ObjectModel.Host.ITestRuntimeProvider
TpTrace Verbose: 0 : 34284, 1, 2024/08/19, 10:20:26.462, 637950639379, vstest.console.dll, TestPluginCache.GetExtensionPaths: Filtered extension paths: 
TpTrace Verbose: 0 : 34284, 1, 2024/08/19, 10:20:26.462, 637950642263, vstest.console.dll, TestPluginCache.GetExtensionPaths: Added default extension paths: C:\Program Files\dotnet\sdk\8.0.304\Extensions\Microsoft.Diagnostics.NETCore.Client.dll
C:\Program Files\dotnet\sdk\8.0.304\Extensions\Microsoft.TestPlatform.Extensions.BlameDataCollector.dll
C:\Program Files\dotnet\sdk\8.0.304\Extensions\Microsoft.TestPlatform.Extensions.EventLogCollector.dll
C:\Program Files\dotnet\sdk\8.0.304\Extensions\Microsoft.TestPlatform.TestHostRuntimeProvider.dll
C:\Program Files\dotnet\sdk\8.0.304\Extensions\Microsoft.VisualStudio.TestPlatform.Extensions.Html.TestLogger.dll
C:\Program Files\dotnet\sdk\8.0.304\Extensions\Microsoft.VisualStudio.TestPlatform.Extensions.Trx.TestLogger.dll
TpTrace Verbose: 0 : 34284, 1, 2024/08/19, 10:20:26.463, 637950643514, vstest.console.dll, TestPluginCache.GetExtensionPaths: Added unfilterableExtensionPaths: 
TpTrace Information: 0 : 34284, 1, 2024/08/19, 10:20:26.464, 637950660557, vstest.console.dll, AssemblyResolver.ctor: Creating AssemblyResolver with searchDirectories C:\Program Files\dotnet\sdk\8.0.304\Extensions,C:\Program Files\dotnet\sdk\8.0.304
TpTrace Verbose: 0 : 34284, 1, 2024/08/19, 10:20:26.468, 637950698328, vstest.console.dll, TestPluginCache.DiscoverTestExtensions: Discovering the extensions using extension path.
TpTrace Verbose: 0 : 34284, 1, 2024/08/19, 10:20:26.468, 637950702444, vstest.console.dll, TestPluginCache.GetExtensionPaths: Filtered extension paths: 
TpTrace Verbose: 0 : 34284, 1, 2024/08/19, 10:20:26.469, 637950704185, vstest.console.dll, TestPluginCache.GetExtensionPaths: Added default extension paths: C:\Program Files\dotnet\sdk\8.0.304\Extensions\Microsoft.Diagnostics.NETCore.Client.dll
C:\Program Files\dotnet\sdk\8.0.304\Extensions\Microsoft.TestPlatform.Extensions.BlameDataCollector.dll
C:\Program Files\dotnet\sdk\8.0.304\Extensions\Microsoft.TestPlatform.Extensions.EventLogCollector.dll
C:\Program Files\dotnet\sdk\8.0.304\Extensions\Microsoft.TestPlatform.TestHostRuntimeProvider.dll
C:\Program Files\dotnet\sdk\8.0.304\Extensions\Microsoft.VisualStudio.TestPlatform.Extensions.Html.TestLogger.dll
C:\Program Files\dotnet\sdk\8.0.304\Extensions\Microsoft.VisualStudio.TestPlatform.Extensions.Trx.TestLogger.dll
TpTrace Verbose: 0 : 34284, 1, 2024/08/19, 10:20:26.469, 637950705361, vstest.console.dll, TestPluginCache.GetExtensionPaths: Added unfilterableExtensionPaths: 
TpTrace Verbose: 0 : 34284, 1, 2024/08/19, 10:20:26.469, 637950707677, vstest.console.dll, TestPluginCache.DiscoverTestExtensions: Discovering the extensions using allExtensionPaths: C:\Program Files\dotnet\sdk\8.0.304\Extensions\Microsoft.Diagnostics.NETCore.Client.dll
C:\Program Files\dotnet\sdk\8.0.304\Extensions\Microsoft.TestPlatform.Extensions.BlameDataCollector.dll
C:\Program Files\dotnet\sdk\8.0.304\Extensions\Microsoft.TestPlatform.Extensions.EventLogCollector.dll
C:\Program Files\dotnet\sdk\8.0.304\Extensions\Microsoft.TestPlatform.TestHostRuntimeProvider.dll
C:\Program Files\dotnet\sdk\8.0.304\Extensions\Microsoft.VisualStudio.TestPlatform.Extensions.Html.TestLogger.dll
C:\Program Files\dotnet\sdk\8.0.304\Extensions\Microsoft.VisualStudio.TestPlatform.Extensions.Trx.TestLogger.dll
TpTrace Information: 0 : 34284, 1, 2024/08/19, 10:20:26.469, 637950711865, vstest.console.dll, AssemblyResolver.AddSearchDirectories: Adding more searchDirectories C:\Program Files\dotnet\sdk\8.0.304\Extensions,C:\Program Files\dotnet\sdk\8.0.304
TpTrace Information: 0 : 34284, 1, 2024/08/19, 10:20:26.470, 637950713974, vstest.console.dll, AssemblyResolver.AddSearchDirectories: Adding more searchDirectories C:\Program Files\dotnet\sdk\8.0.304\Extensions,C:\Program Files\dotnet\sdk\8.0.304
TpTrace Information: 0 : 34284, 1, 2024/08/19, 10:20:26.470, 637950715388, vstest.console.dll, AssemblyResolver.AddSearchDirectories: Adding more searchDirectories C:\Program Files\dotnet\sdk\8.0.304\Extensions,C:\Program Files\dotnet\sdk\8.0.304
TpTrace Information: 0 : 34284, 1, 2024/08/19, 10:20:26.470, 637950716612, vstest.console.dll, AssemblyResolver.AddSearchDirectories: Adding more searchDirectories C:\Program Files\dotnet\sdk\8.0.304\Extensions,C:\Program Files\dotnet\sdk\8.0.304
TpTrace Information: 0 : 34284, 1, 2024/08/19, 10:20:26.470, 637950717922, vstest.console.dll, AssemblyResolver.AddSearchDirectories: Adding more searchDirectories C:\Program Files\dotnet\sdk\8.0.304\Extensions,C:\Program Files\dotnet\sdk\8.0.304
TpTrace Information: 0 : 34284, 1, 2024/08/19, 10:20:26.470, 637950719128, vstest.console.dll, AssemblyResolver.AddSearchDirectories: Adding more searchDirectories C:\Program Files\dotnet\sdk\8.0.304\Extensions,C:\Program Files\dotnet\sdk\8.0.304
TpTrace Information: 0 : 34284, 1, 2024/08/19, 10:20:26.472, 637950735147, vstest.console.dll, AssemblyResolver.OnResolve: Microsoft.Diagnostics.NETCore.Client: Resolving assembly.
TpTrace Information: 0 : 34284, 1, 2024/08/19, 10:20:26.472, 637950737437, vstest.console.dll, AssemblyResolver.OnResolve: Microsoft.Diagnostics.NETCore.Client: Searching in: 'C:\Program Files\dotnet\sdk\8.0.304\Extensions'.
TpTrace Information: 0 : 34284, 1, 2024/08/19, 10:20:26.494, 637950958042, vstest.console.dll, AssemblyResolver.OnResolve: Microsoft.Diagnostics.NETCore.Client: Loading assembly 'C:\Program Files\dotnet\sdk\8.0.304\Extensions\Microsoft.Diagnostics.NETCore.Client.dll'.
TpTrace Information: 0 : 34284, 1, 2024/08/19, 10:20:26.497, 637950984087, vstest.console.dll, AssemblyResolver.OnResolve: Resolved assembly: Microsoft.Diagnostics.NETCore.Client, from path: C:\Program Files\dotnet\sdk\8.0.304\Extensions\Microsoft.Diagnostics.NETCore.Client.dll
TpTrace Verbose: 0 : 34284, 1, 2024/08/19, 10:20:26.508, 637951100962, vstest.console.dll, MetadataReaderExtensionsHelper: Discovering extensions inside assembly 'Microsoft.Diagnostics.NETCore.Client, Version=0.2.10.15101, Culture=neutral, PublicKeyToken=31bf3856ad364e35' file path 'C:\Program Files\dotnet\sdk\8.0.304\Extensions\Microsoft.Diagnostics.NETCore.Client.dll'
TpTrace Information: 0 : 34284, 1, 2024/08/19, 10:20:26.522, 637951234639, vstest.console.dll, AssemblyResolver.OnResolve: Microsoft.Bcl.AsyncInterfaces: Resolving assembly.
TpTrace Information: 0 : 34284, 1, 2024/08/19, 10:20:26.522, 637951236765, vstest.console.dll, AssemblyResolver.OnResolve: Microsoft.Bcl.AsyncInterfaces: Searching in: 'C:\Program Files\dotnet\sdk\8.0.304\Extensions'.
TpTrace Information: 0 : 34284, 1, 2024/08/19, 10:20:26.522, 637951239440, vstest.console.dll, AssemblyResolver.OnResolve: Microsoft.Bcl.AsyncInterfaces: Assembly path does not exist: 'C:\Program Files\dotnet\sdk\8.0.304\Extensions\Microsoft.Bcl.AsyncInterfaces.dll', returning.
TpTrace Information: 0 : 34284, 1, 2024/08/19, 10:20:26.522, 637951242676, vstest.console.dll, AssemblyResolver.OnResolve: Microsoft.Bcl.AsyncInterfaces: Assembly path does not exist: 'C:\Program Files\dotnet\sdk\8.0.304\Extensions\Microsoft.Bcl.AsyncInterfaces.exe', returning.
TpTrace Information: 0 : 34284, 1, 2024/08/19, 10:20:26.523, 637951244162, vstest.console.dll, AssemblyResolver.OnResolve: Microsoft.Bcl.AsyncInterfaces: Searching in: 'C:\Program Files\dotnet\sdk\8.0.304'.
TpTrace Information: 0 : 34284, 1, 2024/08/19, 10:20:26.523, 637951248252, vstest.console.dll, AssemblyResolver.OnResolve: Microsoft.Bcl.AsyncInterfaces: Assembly path does not exist: 'C:\Program Files\dotnet\sdk\8.0.304\Microsoft.Bcl.AsyncInterfaces.dll', returning.
TpTrace Information: 0 : 34284, 1, 2024/08/19, 10:20:26.523, 637951251060, vstest.console.dll, AssemblyResolver.OnResolve: Microsoft.Bcl.AsyncInterfaces: Assembly path does not exist: 'C:\Program Files\dotnet\sdk\8.0.304\Microsoft.Bcl.AsyncInterfaces.exe', returning.
TpTrace Information: 0 : 34284, 1, 2024/08/19, 10:20:26.523, 637951252197, vstest.console.dll, AssemblyResolver.OnResolve: Microsoft.Bcl.AsyncInterfaces: Failed to load assembly.
TpTrace Verbose: 0 : 34284, 1, 2024/08/19, 10:20:26.524, 637951253571, vstest.console.dll, CurrentDomainAssemblyResolve: Resolving assembly 'Microsoft.Bcl.AsyncInterfaces'.
TpTrace Information: 0 : 34284, 1, 2024/08/19, 10:20:26.524, 637951255503, vstest.console.dll, AssemblyResolver.OnResolve: Microsoft.Bcl.AsyncInterfaces: Resolving assembly.
TpTrace Information: 0 : 34284, 1, 2024/08/19, 10:20:26.524, 637951256872, vstest.console.dll, AssemblyResolver.OnResolve: Microsoft.Bcl.AsyncInterfaces: Resolved from cache.
TpTrace Verbose: 0 : 34284, 1, 2024/08/19, 10:20:26.524, 637951257847, vstest.console.dll, CurrentDomainAssemblyResolve: Resolving assembly 'Microsoft.Bcl.AsyncInterfaces'.
TpTrace Verbose: 0 : 34284, 1, 2024/08/19, 10:20:26.524, 637951258988, vstest.console.dll, CurrentDomainAssemblyResolve: Failed to resolve assembly 'Microsoft.Bcl.AsyncInterfaces'.
TpTrace Verbose: 0 : 34284, 1, 2024/08/19, 10:20:26.528, 637951294237, vstest.console.dll, CurrentDomainAssemblyResolve: Failed to resolve assembly 'Microsoft.Bcl.AsyncInterfaces'.
TpTrace Warning: 0 : 34284, 1, 2024/08/19, 10:20:26.561, 637951627679, vstest.console.dll, TestPluginDiscoverer: Failed to get types from assembly 'Microsoft.Diagnostics.NETCore.Client, Version=0.2.10.15101, Culture=neutral, PublicKeyToken=31bf3856ad364e35'. Error: System.Reflection.ReflectionTypeLoadException: Unable to load one or more of the requested types.
Could not load file or assembly 'Microsoft.Bcl.AsyncInterfaces, Version=6.0.0.0, Culture=neutral, PublicKeyToken=cc7b13ffcd2ddd51'. The system cannot find the file specified.
   at System.Reflection.RuntimeModule.GetTypes(RuntimeModule module)
   at System.Reflection.RuntimeModule.GetTypes()
   at Microsoft.VisualStudio.TestPlatform.Common.ExtensionFramework.TestPluginDiscoverer.GetTestExtensionsFromAssembly[TPluginInfo,TExtension](Assembly assembly, Dictionary`2 pluginInfos, String filePath) in /_/src/Microsoft.TestPlatform.Common/ExtensionFramework/TestPluginDiscoverer.cs:line 158
System.IO.FileNotFoundException: Could not load file or assembly 'Microsoft.Bcl.AsyncInterfaces, Version=6.0.0.0, Culture=neutral, PublicKeyToken=cc7b13ffcd2ddd51'. The system cannot find the file specified.
File name: 'Microsoft.Bcl.AsyncInterfaces, Version=6.0.0.0, Culture=neutral, PublicKeyToken=cc7b13ffcd2ddd51'
 ---> System.IO.FileNotFoundException: Could not load file or assembly 'Microsoft.Bcl.AsyncInterfaces, Culture=neutral, PublicKeyToken=null'. The system cannot find the file specified.
File name: 'Microsoft.Bcl.AsyncInterfaces, Culture=neutral, PublicKeyToken=null'
   at System.Reflection.RuntimeAssembly.InternalLoad(AssemblyName assemblyName, StackCrawlMark& stackMark, AssemblyLoadContext assemblyLoadContext, RuntimeAssembly requestingAssembly, Boolean throwOnFileNotFound)
   at System.Reflection.Assembly.Load(AssemblyName assemblyRef)
   at Microsoft.VisualStudio.TestPlatform.Common.ExtensionFramework.TestPluginCache.CurrentDomainAssemblyResolve(Object sender, AssemblyResolveEventArgs args) in /_/src/Microsoft.TestPlatform.Common/ExtensionFramework/TestPluginCache.cs:line 513
   at System.Runtime.Loader.AssemblyLoadContext.GetFirstResolvedAssemblyFromResolvingEvent(AssemblyName assemblyName)
   at System.Runtime.Loader.AssemblyLoadContext.ResolveUsingEvent(AssemblyName assemblyName)
   at System.Runtime.Loader.AssemblyLoadContext.ResolveUsingResolvingEvent(IntPtr gchManagedAssemblyLoadContext, AssemblyName assemblyName)
TpTrace Warning: 0 : 34284, 1, 2024/08/19, 10:20:26.562, 637951637299, vstest.console.dll, LoaderExceptions: System.IO.FileNotFoundException: Could not load file or assembly 'Microsoft.Bcl.AsyncInterfaces, Version=6.0.0.0, Culture=neutral, PublicKeyToken=cc7b13ffcd2ddd51'. The system cannot find the file specified.
File name: 'Microsoft.Bcl.AsyncInterfaces, Version=6.0.0.0, Culture=neutral, PublicKeyToken=cc7b13ffcd2ddd51'
 ---> System.IO.FileNotFoundException: Could not load file or assembly 'Microsoft.Bcl.AsyncInterfaces, Culture=neutral, PublicKeyToken=null'. The system cannot find the file specified.
File name: 'Microsoft.Bcl.AsyncInterfaces, Culture=neutral, PublicKeyToken=null'
   at System.Reflection.RuntimeAssembly.InternalLoad(AssemblyName assemblyName, StackCrawlMark& stackMark, AssemblyLoadContext assemblyLoadContext, RuntimeAssembly requestingAssembly, Boolean throwOnFileNotFound)
   at System.Reflection.Assembly.Load(AssemblyName assemblyRef)
   at Microsoft.VisualStudio.TestPlatform.Common.ExtensionFramework.TestPluginCache.CurrentDomainAssemblyResolve(Object sender, AssemblyResolveEventArgs args) in /_/src/Microsoft.TestPlatform.Common/ExtensionFramework/TestPluginCache.cs:line 513
   at System.Runtime.Loader.AssemblyLoadContext.GetFirstResolvedAssemblyFromResolvingEvent(AssemblyName assemblyName)
   at System.Runtime.Loader.AssemblyLoadContext.ResolveUsingEvent(AssemblyName assemblyName)
   at System.Runtime.Loader.AssemblyLoadContext.ResolveUsingResolvingEvent(IntPtr gchManagedAssemblyLoadContext, AssemblyName assemblyName)
TpTrace Information: 0 : 34284, 1, 2024/08/19, 10:20:26.562, 637951641688, vstest.console.dll, AssemblyResolver.OnResolve: Microsoft.TestPlatform.Extensions.BlameDataCollector: Resolving assembly.
TpTrace Information: 0 : 34284, 1, 2024/08/19, 10:20:26.562, 637951642987, vstest.console.dll, AssemblyResolver.OnResolve: Microsoft.TestPlatform.Extensions.BlameDataCollector: Searching in: 'C:\Program Files\dotnet\sdk\8.0.304\Extensions'.
TpTrace Information: 0 : 34284, 1, 2024/08/19, 10:20:26.564, 637951659282, vstest.console.dll, AssemblyResolver.OnResolve: Microsoft.TestPlatform.Extensions.BlameDataCollector: Loading assembly 'C:\Program Files\dotnet\sdk\8.0.304\Extensions\Microsoft.TestPlatform.Extensions.BlameDataCollector.dll'.
TpTrace Information: 0 : 34284, 1, 2024/08/19, 10:20:26.566, 637951682116, vstest.console.dll, AssemblyResolver.OnResolve: Resolved assembly: Microsoft.TestPlatform.Extensions.BlameDataCollector, from path: C:\Program Files\dotnet\sdk\8.0.304\Extensions\Microsoft.TestPlatform.Extensions.BlameDataCollector.dll
TpTrace Verbose: 0 : 34284, 1, 2024/08/19, 10:20:26.567, 637951685083, vstest.console.dll, MetadataReaderExtensionsHelper: Discovering extensions inside assembly 'Microsoft.TestPlatform.Extensions.BlameDataCollector, Version=15.0.0.0, Culture=neutral, PublicKeyToken=b03f5f7f11d50a3a' file path 'C:\Program Files\dotnet\sdk\8.0.304\Extensions\Microsoft.TestPlatform.Extensions.BlameDataCollector.dll'
TpTrace Information: 0 : 34284, 1, 2024/08/19, 10:20:26.570, 637951719232, vstest.console.dll, AssemblyResolver.OnResolve: Microsoft.TestPlatform.Extensions.EventLogCollector: Resolving assembly.
TpTrace Information: 0 : 34284, 1, 2024/08/19, 10:20:26.570, 637951721115, vstest.console.dll, AssemblyResolver.OnResolve: Microsoft.TestPlatform.Extensions.EventLogCollector: Searching in: 'C:\Program Files\dotnet\sdk\8.0.304\Extensions'.
TpTrace Information: 0 : 34284, 1, 2024/08/19, 10:20:26.573, 637951745513, vstest.console.dll, AssemblyResolver.OnResolve: Microsoft.TestPlatform.Extensions.EventLogCollector: Loading assembly 'C:\Program Files\dotnet\sdk\8.0.304\Extensions\Microsoft.TestPlatform.Extensions.EventLogCollector.dll'.
TpTrace Information: 0 : 34284, 1, 2024/08/19, 10:20:26.579, 637951806670, vstest.console.dll, AssemblyResolver.OnResolve: Resolved assembly: Microsoft.TestPlatform.Extensions.EventLogCollector, from path: C:\Program Files\dotnet\sdk\8.0.304\Extensions\Microsoft.TestPlatform.Extensions.EventLogCollector.dll
TpTrace Verbose: 0 : 34284, 1, 2024/08/19, 10:20:26.579, 637951810487, vstest.console.dll, MetadataReaderExtensionsHelper: Discovering extensions inside assembly 'Microsoft.TestPlatform.Extensions.EventLogCollector, Version=15.0.0.0, Culture=neutral, PublicKeyToken=b03f5f7f11d50a3a' file path 'C:\Program Files\dotnet\sdk\8.0.304\Extensions\Microsoft.TestPlatform.Extensions.EventLogCollector.dll'
TpTrace Information: 0 : 34284, 1, 2024/08/19, 10:20:26.588, 637951894041, vstest.console.dll, AssemblyResolver.OnResolve: Microsoft.TestPlatform.TestHostRuntimeProvider: Resolving assembly.
TpTrace Information: 0 : 34284, 1, 2024/08/19, 10:20:26.588, 637951895831, vstest.console.dll, AssemblyResolver.OnResolve: Microsoft.TestPlatform.TestHostRuntimeProvider: Searching in: 'C:\Program Files\dotnet\sdk\8.0.304\Extensions'.
TpTrace Information: 0 : 34284, 1, 2024/08/19, 10:20:26.589, 637951910668, vstest.console.dll, AssemblyResolver.OnResolve: Microsoft.TestPlatform.TestHostRuntimeProvider: Loading assembly 'C:\Program Files\dotnet\sdk\8.0.304\Extensions\Microsoft.TestPlatform.TestHostRuntimeProvider.dll'.
TpTrace Information: 0 : 34284, 1, 2024/08/19, 10:20:26.592, 637951934184, vstest.console.dll, AssemblyResolver.OnResolve: Resolved assembly: Microsoft.TestPlatform.TestHostRuntimeProvider, from path: C:\Program Files\dotnet\sdk\8.0.304\Extensions\Microsoft.TestPlatform.TestHostRuntimeProvider.dll
TpTrace Verbose: 0 : 34284, 1, 2024/08/19, 10:20:26.592, 637951936560, vstest.console.dll, MetadataReaderExtensionsHelper: Discovering extensions inside assembly 'Microsoft.TestPlatform.TestHostRuntimeProvider, Version=15.0.0.0, Culture=neutral, PublicKeyToken=b03f5f7f11d50a3a' file path 'C:\Program Files\dotnet\sdk\8.0.304\Extensions\Microsoft.TestPlatform.TestHostRuntimeProvider.dll'
TpTrace Information: 0 : 34284, 1, 2024/08/19, 10:20:26.596, 637951978397, vstest.console.dll, GetTestExtensionFromType: Register extension with identifier data 'HostProvider://DefaultTestHost' and type 'Microsoft.VisualStudio.TestPlatform.CrossPlatEngine.Hosting.DefaultTestHostManager, Microsoft.TestPlatform.TestHostRuntimeProvider, Version=15.0.0.0, Culture=neutral, PublicKeyToken=b03f5f7f11d50a3a' inside file 'C:\Program Files\dotnet\sdk\8.0.304\Extensions\Microsoft.TestPlatform.TestHostRuntimeProvider.dll'
TpTrace Information: 0 : 34284, 1, 2024/08/19, 10:20:26.597, 637951984246, vstest.console.dll, GetTestExtensionFromType: Register extension with identifier data 'HostProvider://DotnetTestHost' and type 'Microsoft.VisualStudio.TestPlatform.CrossPlatEngine.Hosting.DotnetTestHostManager, Microsoft.TestPlatform.TestHostRuntimeProvider, Version=15.0.0.0, Culture=neutral, PublicKeyToken=b03f5f7f11d50a3a' inside file 'C:\Program Files\dotnet\sdk\8.0.304\Extensions\Microsoft.TestPlatform.TestHostRuntimeProvider.dll'
TpTrace Information: 0 : 34284, 1, 2024/08/19, 10:20:26.597, 637951985964, vstest.console.dll, AssemblyResolver.OnResolve: Microsoft.VisualStudio.TestPlatform.Extensions.Html.TestLogger: Resolving assembly.
TpTrace Information: 0 : 34284, 1, 2024/08/19, 10:20:26.597, 637951986934, vstest.console.dll, AssemblyResolver.OnResolve: Microsoft.VisualStudio.TestPlatform.Extensions.Html.TestLogger: Searching in: 'C:\Program Files\dotnet\sdk\8.0.304\Extensions'.
TpTrace Information: 0 : 34284, 1, 2024/08/19, 10:20:26.598, 637951999073, vstest.console.dll, AssemblyResolver.OnResolve: Microsoft.VisualStudio.TestPlatform.Extensions.Html.TestLogger: Loading assembly 'C:\Program Files\dotnet\sdk\8.0.304\Extensions\Microsoft.VisualStudio.TestPlatform.Extensions.Html.TestLogger.dll'.
TpTrace Information: 0 : 34284, 1, 2024/08/19, 10:20:26.600, 637952022723, vstest.console.dll, AssemblyResolver.OnResolve: Resolved assembly: Microsoft.VisualStudio.TestPlatform.Extensions.Html.TestLogger, from path: C:\Program Files\dotnet\sdk\8.0.304\Extensions\Microsoft.VisualStudio.TestPlatform.Extensions.Html.TestLogger.dll
TpTrace Verbose: 0 : 34284, 1, 2024/08/19, 10:20:26.601, 637952027259, vstest.console.dll, MetadataReaderExtensionsHelper: Discovering extensions inside assembly 'Microsoft.VisualStudio.TestPlatform.Extensions.Html.TestLogger, Version=15.0.0.0, Culture=neutral, PublicKeyToken=b03f5f7f11d50a3a' file path 'C:\Program Files\dotnet\sdk\8.0.304\Extensions\Microsoft.VisualStudio.TestPlatform.Extensions.Html.TestLogger.dll'
TpTrace Information: 0 : 34284, 1, 2024/08/19, 10:20:26.603, 637952048181, vstest.console.dll, AssemblyResolver.OnResolve: Microsoft.VisualStudio.TestPlatform.Extensions.Trx.TestLogger: Resolving assembly.
TpTrace Information: 0 : 34284, 1, 2024/08/19, 10:20:26.603, 637952049857, vstest.console.dll, AssemblyResolver.OnResolve: Microsoft.VisualStudio.TestPlatform.Extensions.Trx.TestLogger: Searching in: 'C:\Program Files\dotnet\sdk\8.0.304\Extensions'.
TpTrace Information: 0 : 34284, 1, 2024/08/19, 10:20:26.605, 637952065010, vstest.console.dll, AssemblyResolver.OnResolve: Microsoft.VisualStudio.TestPlatform.Extensions.Trx.TestLogger: Loading assembly 'C:\Program Files\dotnet\sdk\8.0.304\Extensions\Microsoft.VisualStudio.TestPlatform.Extensions.Trx.TestLogger.dll'.
TpTrace Information: 0 : 34284, 1, 2024/08/19, 10:20:26.607, 637952090494, vstest.console.dll, AssemblyResolver.OnResolve: Resolved assembly: Microsoft.VisualStudio.TestPlatform.Extensions.Trx.TestLogger, from path: C:\Program Files\dotnet\sdk\8.0.304\Extensions\Microsoft.VisualStudio.TestPlatform.Extensions.Trx.TestLogger.dll
TpTrace Verbose: 0 : 34284, 1, 2024/08/19, 10:20:26.607, 637952092921, vstest.console.dll, MetadataReaderExtensionsHelper: Discovering extensions inside assembly 'Microsoft.VisualStudio.TestPlatform.Extensions.Trx.TestLogger, Version=15.0.0.0, Culture=neutral, PublicKeyToken=b03f5f7f11d50a3a' file path 'C:\Program Files\dotnet\sdk\8.0.304\Extensions\Microsoft.VisualStudio.TestPlatform.Extensions.Trx.TestLogger.dll'
TpTrace Verbose: 0 : 34284, 1, 2024/08/19, 10:20:26.610, 637952119860, vstest.console.dll, TestPluginCache: Discovered the extensions using extension path ''.
TpTrace Verbose: 0 : 34284, 1, 2024/08/19, 10:20:26.610, 637952121765, vstest.console.dll, TestPluginCache: Discoverers are ''.
TpTrace Verbose: 0 : 34284, 1, 2024/08/19, 10:20:26.610, 637952122809, vstest.console.dll, TestPluginCache: Executors are ''.
TpTrace Verbose: 0 : 34284, 1, 2024/08/19, 10:20:26.611, 637952123711, vstest.console.dll, TestPluginCache: Executors2 are ''.
TpTrace Verbose: 0 : 34284, 1, 2024/08/19, 10:20:26.611, 637952124600, vstest.console.dll, TestPluginCache: Setting providers are ''.
TpTrace Verbose: 0 : 34284, 1, 2024/08/19, 10:20:26.611, 637952125460, vstest.console.dll, TestPluginCache: Loggers are ''.
TpTrace Verbose: 0 : 34284, 1, 2024/08/19, 10:20:26.611, 637952127676, vstest.console.dll, TestPluginCache: TestHosts are 'HostProvider://DefaultTestHost,HostProvider://DotnetTestHost'.
TpTrace Verbose: 0 : 34284, 1, 2024/08/19, 10:20:26.611, 637952128769, vstest.console.dll, TestPluginCache: DataCollectors are ''.
TpTrace Information: 0 : 34284, 1, 2024/08/19, 10:20:26.646, 637952479310, vstest.console.dll, RunTestsArgumentProcessor:Execute: Test run is starting.
TpTrace Verbose: 0 : 34284, 1, 2024/08/19, 10:20:26.646, 637952481203, vstest.console.dll, RunTestsArgumentProcessor:Execute: Queuing Test run.
TpTrace Information: 0 : 34284, 1, 2024/08/19, 10:20:26.647, 637952486858, vstest.console.dll, TestRequestManager.RunTests: run tests started.
TpTrace Information: 0 : 34284, 1, 2024/08/19, 10:20:26.649, 637952511227, vstest.console.dll, AssemblyMetadataProvider.GetFrameworkName: Determined framework:'.NETCoreApp,Version=v8.0' for source: 'C:\Dev\ReelMatics\ReelMatics.Tests\bin\Debug\net8.0\fine-code-coverage\build-output\ReelMatics.Tests.dll'
TpTrace Information: 0 : 34284, 1, 2024/08/19, 10:20:26.650, 637952515591, vstest.console.dll, Determined framework for all sources: .NETCoreApp,Version=v8.0
TpTrace Verbose: 0 : 34284, 1, 2024/08/19, 10:20:26.651, 637952523294, vstest.console.dll, TestRequestManager.UpdateRunSettingsIfRequired: Default architecture: X64 IsDefaultTargetArchitecture: True, Current process architecture: X64 OperatingSystem: Windows.
TpTrace Information: 0 : 34284, 1, 2024/08/19, 10:20:26.655, 637952569318, vstest.console.dll, AssemblyMetadataProvider.GetArchitecture: Determined architecture:AnyCPU info for assembly: C:\Dev\ReelMatics\ReelMatics.Tests\bin\Debug\net8.0\fine-code-coverage\build-output\ReelMatics.Tests.dll
TpTrace Information: 0 : 34284, 1, 2024/08/19, 10:20:26.655, 637952570818, vstest.console.dll, Determined platform for source 'C:\Dev\ReelMatics\ReelMatics.Tests\bin\Debug\net8.0\fine-code-coverage\build-output\ReelMatics.Tests.dll' was AnyCPU and it will use the default plaform X64.
TpTrace Information: 0 : 34284, 1, 2024/08/19, 10:20:26.655, 637952571517, vstest.console.dll, None of the sources provided any runnable platform, using the default platform: X64
TpTrace Information: 0 : 34284, 1, 2024/08/19, 10:20:26.656, 637952573542, vstest.console.dll, Platform was updated to 'X64'.
TpTrace Information: 0 : 34284, 1, 2024/08/19, 10:20:26.663, 637952644790, vstest.console.dll, InferRunSettingsHelper.IsTestSettingsEnabled: Unable to navigate to RunSettings/MSTest. Current node: RunSettings
TpTrace Information: 0 : 34284, 1, 2024/08/19, 10:20:26.664, 637952658557, vstest.console.dll, AssemblyResolver.OnResolve: Microsoft.VisualStudio.TestPlatform.Fakes: Resolving assembly.
TpTrace Information: 0 : 34284, 1, 2024/08/19, 10:20:26.664, 637952660702, vstest.console.dll, AssemblyResolver.OnResolve: Microsoft.VisualStudio.TestPlatform.Fakes: Searching in: 'C:\Program Files\dotnet\sdk\8.0.304\Extensions'.
TpTrace Information: 0 : 34284, 1, 2024/08/19, 10:20:26.665, 637952664847, vstest.console.dll, AssemblyResolver.OnResolve: Microsoft.VisualStudio.TestPlatform.Fakes: Assembly path does not exist: 'C:\Program Files\dotnet\sdk\8.0.304\Extensions\Microsoft.VisualStudio.TestPlatform.Fakes.dll', returning.
TpTrace Information: 0 : 34284, 1, 2024/08/19, 10:20:26.665, 637952668254, vstest.console.dll, AssemblyResolver.OnResolve: Microsoft.VisualStudio.TestPlatform.Fakes: Assembly path does not exist: 'C:\Program Files\dotnet\sdk\8.0.304\Extensions\Microsoft.VisualStudio.TestPlatform.Fakes.exe', returning.
TpTrace Information: 0 : 34284, 1, 2024/08/19, 10:20:26.665, 637952669651, vstest.console.dll, AssemblyResolver.OnResolve: Microsoft.VisualStudio.TestPlatform.Fakes: Searching in: 'C:\Program Files\dotnet\sdk\8.0.304'.
TpTrace Information: 0 : 34284, 1, 2024/08/19, 10:20:26.665, 637952672684, vstest.console.dll, AssemblyResolver.OnResolve: Microsoft.VisualStudio.TestPlatform.Fakes: Assembly path does not exist: 'C:\Program Files\dotnet\sdk\8.0.304\Microsoft.VisualStudio.TestPlatform.Fakes.dll', returning.
TpTrace Information: 0 : 34284, 1, 2024/08/19, 10:20:26.666, 637952675122, vstest.console.dll, AssemblyResolver.OnResolve: Microsoft.VisualStudio.TestPlatform.Fakes: Assembly path does not exist: 'C:\Program Files\dotnet\sdk\8.0.304\Microsoft.VisualStudio.TestPlatform.Fakes.exe', returning.
TpTrace Information: 0 : 34284, 1, 2024/08/19, 10:20:26.666, 637952676242, vstest.console.dll, AssemblyResolver.OnResolve: Microsoft.VisualStudio.TestPlatform.Fakes: Failed to load assembly.
TpTrace Information: 0 : 34284, 1, 2024/08/19, 10:20:26.667, 637952683614, vstest.console.dll, Failed to load assembly Microsoft.VisualStudio.TestPlatform.Fakes, Version=17.0.0.0, Culture=neutral. Reason:System.IO.FileNotFoundException: Could not load file or assembly 'Microsoft.VisualStudio.TestPlatform.Fakes, Version=17.0.0.0, Culture=neutral, PublicKeyToken=null'. The system cannot find the file specified.
File name: 'Microsoft.VisualStudio.TestPlatform.Fakes, Version=17.0.0.0, Culture=neutral, PublicKeyToken=null'
   at System.Reflection.RuntimeAssembly.InternalLoad(AssemblyName assemblyName, StackCrawlMark& stackMark, AssemblyLoadContext assemblyLoadContext, RuntimeAssembly requestingAssembly, Boolean throwOnFileNotFound)
   at System.Reflection.Assembly.Load(AssemblyName assemblyRef)
   at Microsoft.VisualStudio.TestPlatform.Common.Utilities.FakesUtilities.LoadTestPlatformAssembly() in /_/src/Microsoft.TestPlatform.Common/Utilities/FakesUtilities.cs:line 272
TpTrace Verbose: 0 : 34284, 1, 2024/08/19, 10:20:26.691, 637952931677, vstest.console.dll, TestPluginCache.DiscoverTestExtensions: finding test extensions in assemblies ends with: TestLogger.dll TPluginInfo: Microsoft.VisualStudio.TestPlatform.Common.ExtensionFramework.Utilities.TestLoggerPluginInformation TExtension: Microsoft.VisualStudio.TestPlatform.ObjectModel.Client.ITestLogger
TpTrace Verbose: 0 : 34284, 1, 2024/08/19, 10:20:26.692, 637952936971, vstest.console.dll, TestPluginCache.GetExtensionPaths: Filtered extension paths: 
TpTrace Verbose: 0 : 34284, 1, 2024/08/19, 10:20:26.692, 637952938593, vstest.console.dll, TestPluginCache.GetExtensionPaths: Added default extension paths: C:\Program Files\dotnet\sdk\8.0.304\Extensions\Microsoft.Diagnostics.NETCore.Client.dll
C:\Program Files\dotnet\sdk\8.0.304\Extensions\Microsoft.TestPlatform.Extensions.BlameDataCollector.dll
C:\Program Files\dotnet\sdk\8.0.304\Extensions\Microsoft.TestPlatform.Extensions.EventLogCollector.dll
C:\Program Files\dotnet\sdk\8.0.304\Extensions\Microsoft.TestPlatform.TestHostRuntimeProvider.dll
C:\Program Files\dotnet\sdk\8.0.304\Extensions\Microsoft.VisualStudio.TestPlatform.Extensions.Html.TestLogger.dll
C:\Program Files\dotnet\sdk\8.0.304\Extensions\Microsoft.VisualStudio.TestPlatform.Extensions.Trx.TestLogger.dll
TpTrace Verbose: 0 : 34284, 1, 2024/08/19, 10:20:26.692, 637952940837, vstest.console.dll, TestPluginCache.GetExtensionPaths: Added unfilterableExtensionPaths: 
TpTrace Information: 0 : 34284, 1, 2024/08/19, 10:20:26.693, 637952946172, vstest.console.dll, AssemblyResolver.AddSearchDirectories: Adding more searchDirectories C:\Program Files\dotnet\sdk\8.0.304\Extensions,C:\Program Files\dotnet\sdk\8.0.304
TpTrace Verbose: 0 : 34284, 1, 2024/08/19, 10:20:26.693, 637952948012, vstest.console.dll, TestPluginCache.DiscoverTestExtensions: Discovering the extensions using extension path.
TpTrace Verbose: 0 : 34284, 1, 2024/08/19, 10:20:26.693, 637952949141, vstest.console.dll, TestPluginCache.GetExtensionPaths: Filtered extension paths: 
TpTrace Verbose: 0 : 34284, 1, 2024/08/19, 10:20:26.693, 637952950331, vstest.console.dll, TestPluginCache.GetExtensionPaths: Added default extension paths: C:\Program Files\dotnet\sdk\8.0.304\Extensions\Microsoft.Diagnostics.NETCore.Client.dll
C:\Program Files\dotnet\sdk\8.0.304\Extensions\Microsoft.TestPlatform.Extensions.BlameDataCollector.dll
C:\Program Files\dotnet\sdk\8.0.304\Extensions\Microsoft.TestPlatform.Extensions.EventLogCollector.dll
C:\Program Files\dotnet\sdk\8.0.304\Extensions\Microsoft.TestPlatform.TestHostRuntimeProvider.dll
C:\Program Files\dotnet\sdk\8.0.304\Extensions\Microsoft.VisualStudio.TestPlatform.Extensions.Html.TestLogger.dll
C:\Program Files\dotnet\sdk\8.0.304\Extensions\Microsoft.VisualStudio.TestPlatform.Extensions.Trx.TestLogger.dll
TpTrace Verbose: 0 : 34284, 1, 2024/08/19, 10:20:26.693, 637952951252, vstest.console.dll, TestPluginCache.GetExtensionPaths: Added unfilterableExtensionPaths: 
TpTrace Verbose: 0 : 34284, 1, 2024/08/19, 10:20:26.693, 637952952306, vstest.console.dll, TestPluginCache.DiscoverTestExtensions: Discovering the extensions using allExtensionPaths: C:\Program Files\dotnet\sdk\8.0.304\Extensions\Microsoft.Diagnostics.NETCore.Client.dll
C:\Program Files\dotnet\sdk\8.0.304\Extensions\Microsoft.TestPlatform.Extensions.BlameDataCollector.dll
C:\Program Files\dotnet\sdk\8.0.304\Extensions\Microsoft.TestPlatform.Extensions.EventLogCollector.dll
C:\Program Files\dotnet\sdk\8.0.304\Extensions\Microsoft.TestPlatform.TestHostRuntimeProvider.dll
C:\Program Files\dotnet\sdk\8.0.304\Extensions\Microsoft.VisualStudio.TestPlatform.Extensions.Html.TestLogger.dll
C:\Program Files\dotnet\sdk\8.0.304\Extensions\Microsoft.VisualStudio.TestPlatform.Extensions.Trx.TestLogger.dll
TpTrace Information: 0 : 34284, 1, 2024/08/19, 10:20:26.694, 637952953830, vstest.console.dll, AssemblyResolver.AddSearchDirectories: Adding more searchDirectories C:\Program Files\dotnet\sdk\8.0.304\Extensions,C:\Program Files\dotnet\sdk\8.0.304
TpTrace Information: 0 : 34284, 1, 2024/08/19, 10:20:26.694, 637952956172, vstest.console.dll, AssemblyResolver.AddSearchDirectories: Adding more searchDirectories C:\Program Files\dotnet\sdk\8.0.304\Extensions,C:\Program Files\dotnet\sdk\8.0.304
TpTrace Information: 0 : 34284, 1, 2024/08/19, 10:20:26.694, 637952959047, vstest.console.dll, AssemblyResolver.AddSearchDirectories: Adding more searchDirectories C:\Program Files\dotnet\sdk\8.0.304\Extensions,C:\Program Files\dotnet\sdk\8.0.304
TpTrace Information: 0 : 34284, 1, 2024/08/19, 10:20:26.694, 637952961501, vstest.console.dll, AssemblyResolver.AddSearchDirectories: Adding more searchDirectories C:\Program Files\dotnet\sdk\8.0.304\Extensions,C:\Program Files\dotnet\sdk\8.0.304
TpTrace Information: 0 : 34284, 1, 2024/08/19, 10:20:26.695, 637952963462, vstest.console.dll, AssemblyResolver.AddSearchDirectories: Adding more searchDirectories C:\Program Files\dotnet\sdk\8.0.304\Extensions,C:\Program Files\dotnet\sdk\8.0.304
TpTrace Information: 0 : 34284, 1, 2024/08/19, 10:20:26.695, 637952965145, vstest.console.dll, AssemblyResolver.AddSearchDirectories: Adding more searchDirectories C:\Program Files\dotnet\sdk\8.0.304\Extensions,C:\Program Files\dotnet\sdk\8.0.304
TpTrace Verbose: 0 : 34284, 1, 2024/08/19, 10:20:26.695, 637952968825, vstest.console.dll, MetadataReaderExtensionsHelper: Discovering extensions inside assembly 'Microsoft.Diagnostics.NETCore.Client, Version=0.2.10.15101, Culture=neutral, PublicKeyToken=31bf3856ad364e35' file path 'C:\Program Files\dotnet\sdk\8.0.304\Extensions\Microsoft.Diagnostics.NETCore.Client.dll'
TpTrace Information: 0 : 34284, 1, 2024/08/19, 10:20:26.697, 637952988810, vstest.console.dll, AssemblyResolver.OnResolve: Microsoft.Bcl.AsyncInterfaces: Resolving assembly.
TpTrace Information: 0 : 34284, 1, 2024/08/19, 10:20:26.698, 637952996917, vstest.console.dll, AssemblyResolver.OnResolve: Microsoft.Bcl.AsyncInterfaces: Resolved from cache.
TpTrace Verbose: 0 : 34284, 1, 2024/08/19, 10:20:26.698, 637952998376, vstest.console.dll, CurrentDomainAssemblyResolve: Resolving assembly 'Microsoft.Bcl.AsyncInterfaces'.
TpTrace Information: 0 : 34284, 1, 2024/08/19, 10:20:26.698, 637953002847, vstest.console.dll, AssemblyResolver.OnResolve: Microsoft.Bcl.AsyncInterfaces: Resolving assembly.
TpTrace Information: 0 : 34284, 1, 2024/08/19, 10:20:26.699, 637953004136, vstest.console.dll, AssemblyResolver.OnResolve: Microsoft.Bcl.AsyncInterfaces: Resolved from cache.
TpTrace Verbose: 0 : 34284, 1, 2024/08/19, 10:20:26.699, 637953004988, vstest.console.dll, CurrentDomainAssemblyResolve: Resolving assembly 'Microsoft.Bcl.AsyncInterfaces'.
TpTrace Verbose: 0 : 34284, 1, 2024/08/19, 10:20:26.699, 637953005801, vstest.console.dll, CurrentDomainAssemblyResolve: Failed to resolve assembly 'Microsoft.Bcl.AsyncInterfaces'.
TpTrace Verbose: 0 : 34284, 1, 2024/08/19, 10:20:26.699, 637953009731, vstest.console.dll, CurrentDomainAssemblyResolve: Failed to resolve assembly 'Microsoft.Bcl.AsyncInterfaces'.
TpTrace Warning: 0 : 34284, 1, 2024/08/19, 10:20:26.700, 637953021586, vstest.console.dll, TestPluginDiscoverer: Failed to get types from assembly 'Microsoft.Diagnostics.NETCore.Client, Version=0.2.10.15101, Culture=neutral, PublicKeyToken=31bf3856ad364e35'. Error: System.Reflection.ReflectionTypeLoadException: Unable to load one or more of the requested types.
Could not load file or assembly 'Microsoft.Bcl.AsyncInterfaces, Version=6.0.0.0, Culture=neutral, PublicKeyToken=cc7b13ffcd2ddd51'. The system cannot find the file specified.
   at System.Reflection.RuntimeModule.GetTypes(RuntimeModule module)
   at System.Reflection.RuntimeModule.GetTypes()
   at Microsoft.VisualStudio.TestPlatform.Common.ExtensionFramework.TestPluginDiscoverer.GetTestExtensionsFromAssembly[TPluginInfo,TExtension](Assembly assembly, Dictionary`2 pluginInfos, String filePath) in /_/src/Microsoft.TestPlatform.Common/ExtensionFramework/TestPluginDiscoverer.cs:line 158
System.IO.FileNotFoundException: Could not load file or assembly 'Microsoft.Bcl.AsyncInterfaces, Version=6.0.0.0, Culture=neutral, PublicKeyToken=cc7b13ffcd2ddd51'. The system cannot find the file specified.
File name: 'Microsoft.Bcl.AsyncInterfaces, Version=6.0.0.0, Culture=neutral, PublicKeyToken=cc7b13ffcd2ddd51'
 ---> System.IO.FileNotFoundException: Could not load file or assembly 'Microsoft.Bcl.AsyncInterfaces, Culture=neutral, PublicKeyToken=null'. The system cannot find the file specified.
File name: 'Microsoft.Bcl.AsyncInterfaces, Culture=neutral, PublicKeyToken=null'
   at System.Reflection.RuntimeAssembly.InternalLoad(AssemblyName assemblyName, StackCrawlMark& stackMark, AssemblyLoadContext assemblyLoadContext, RuntimeAssembly requestingAssembly, Boolean throwOnFileNotFound)
   at System.Reflection.Assembly.Load(AssemblyName assemblyRef)
   at Microsoft.VisualStudio.TestPlatform.Common.ExtensionFramework.TestPluginCache.CurrentDomainAssemblyResolve(Object sender, AssemblyResolveEventArgs args) in /_/src/Microsoft.TestPlatform.Common/ExtensionFramework/TestPluginCache.cs:line 513
   at System.Runtime.Loader.AssemblyLoadContext.GetFirstResolvedAssemblyFromResolvingEvent(AssemblyName assemblyName)
   at System.Runtime.Loader.AssemblyLoadContext.ResolveUsingEvent(AssemblyName assemblyName)
   at System.Runtime.Loader.AssemblyLoadContext.ResolveUsingResolvingEvent(IntPtr gchManagedAssemblyLoadContext, AssemblyName assemblyName)
TpTrace Warning: 0 : 34284, 1, 2024/08/19, 10:20:26.701, 637953029096, vstest.console.dll, LoaderExceptions: System.IO.FileNotFoundException: Could not load file or assembly 'Microsoft.Bcl.AsyncInterfaces, Version=6.0.0.0, Culture=neutral, PublicKeyToken=cc7b13ffcd2ddd51'. The system cannot find the file specified.
File name: 'Microsoft.Bcl.AsyncInterfaces, Version=6.0.0.0, Culture=neutral, PublicKeyToken=cc7b13ffcd2ddd51'
 ---> System.IO.FileNotFoundException: Could not load file or assembly 'Microsoft.Bcl.AsyncInterfaces, Culture=neutral, PublicKeyToken=null'. The system cannot find the file specified.
File name: 'Microsoft.Bcl.AsyncInterfaces, Culture=neutral, PublicKeyToken=null'
   at System.Reflection.RuntimeAssembly.InternalLoad(AssemblyName assemblyName, StackCrawlMark& stackMark, AssemblyLoadContext assemblyLoadContext, RuntimeAssembly requestingAssembly, Boolean throwOnFileNotFound)
   at System.Reflection.Assembly.Load(AssemblyName assemblyRef)
   at Microsoft.VisualStudio.TestPlatform.Common.ExtensionFramework.TestPluginCache.CurrentDomainAssemblyResolve(Object sender, AssemblyResolveEventArgs args) in /_/src/Microsoft.TestPlatform.Common/ExtensionFramework/TestPluginCache.cs:line 513
   at System.Runtime.Loader.AssemblyLoadContext.GetFirstResolvedAssemblyFromResolvingEvent(AssemblyName assemblyName)
   at System.Runtime.Loader.AssemblyLoadContext.ResolveUsingEvent(AssemblyName assemblyName)
   at System.Runtime.Loader.AssemblyLoadContext.ResolveUsingResolvingEvent(IntPtr gchManagedAssemblyLoadContext, AssemblyName assemblyName)
TpTrace Verbose: 0 : 34284, 1, 2024/08/19, 10:20:26.701, 637953031817, vstest.console.dll, MetadataReaderExtensionsHelper: Discovering extensions inside assembly 'Microsoft.TestPlatform.Extensions.BlameDataCollector, Version=15.0.0.0, Culture=neutral, PublicKeyToken=b03f5f7f11d50a3a' file path 'C:\Program Files\dotnet\sdk\8.0.304\Extensions\Microsoft.TestPlatform.Extensions.BlameDataCollector.dll'
TpTrace Information: 0 : 34284, 1, 2024/08/19, 10:20:26.704, 637953060395, vstest.console.dll, GetTestExtensionFromType: Register extension with identifier data 'logger://Microsoft/TestPlatform/Extensions/Blame/v1' and type 'Microsoft.TestPlatform.Extensions.BlameDataCollector.BlameLogger, Microsoft.TestPlatform.Extensions.BlameDataCollector, Version=15.0.0.0, Culture=neutral, PublicKeyToken=b03f5f7f11d50a3a' inside file 'C:\Program Files\dotnet\sdk\8.0.304\Extensions\Microsoft.TestPlatform.Extensions.BlameDataCollector.dll'
TpTrace Verbose: 0 : 34284, 1, 2024/08/19, 10:20:26.705, 637953068642, vstest.console.dll, MetadataReaderExtensionsHelper: Discovering extensions inside assembly 'Microsoft.TestPlatform.Extensions.EventLogCollector, Version=15.0.0.0, Culture=neutral, PublicKeyToken=b03f5f7f11d50a3a' file path 'C:\Program Files\dotnet\sdk\8.0.304\Extensions\Microsoft.TestPlatform.Extensions.EventLogCollector.dll'
TpTrace Verbose: 0 : 34284, 1, 2024/08/19, 10:20:26.707, 637953085037, vstest.console.dll, MetadataReaderExtensionsHelper: Discovering extensions inside assembly 'Microsoft.TestPlatform.TestHostRuntimeProvider, Version=15.0.0.0, Culture=neutral, PublicKeyToken=b03f5f7f11d50a3a' file path 'C:\Program Files\dotnet\sdk\8.0.304\Extensions\Microsoft.TestPlatform.TestHostRuntimeProvider.dll'
TpTrace Verbose: 0 : 34284, 1, 2024/08/19, 10:20:26.708, 637953094576, vstest.console.dll, MetadataReaderExtensionsHelper: Discovering extensions inside assembly 'Microsoft.VisualStudio.TestPlatform.Extensions.Html.TestLogger, Version=15.0.0.0, Culture=neutral, PublicKeyToken=b03f5f7f11d50a3a' file path 'C:\Program Files\dotnet\sdk\8.0.304\Extensions\Microsoft.VisualStudio.TestPlatform.Extensions.Html.TestLogger.dll'
TpTrace Information: 0 : 34284, 1, 2024/08/19, 10:20:26.709, 637953112563, vstest.console.dll, GetTestExtensionFromType: Register extension with identifier data 'logger://Microsoft/TestPlatform/HtmlLogger/v1' and type 'Microsoft.VisualStudio.TestPlatform.Extensions.HtmlLogger.HtmlLogger, Microsoft.VisualStudio.TestPlatform.Extensions.Html.TestLogger, Version=15.0.0.0, Culture=neutral, PublicKeyToken=b03f5f7f11d50a3a' inside file 'C:\Program Files\dotnet\sdk\8.0.304\Extensions\Microsoft.VisualStudio.TestPlatform.Extensions.Html.TestLogger.dll'
TpTrace Verbose: 0 : 34284, 1, 2024/08/19, 10:20:26.710, 637953121585, vstest.console.dll, MetadataReaderExtensionsHelper: Discovering extensions inside assembly 'Microsoft.VisualStudio.TestPlatform.Extensions.Trx.TestLogger, Version=15.0.0.0, Culture=neutral, PublicKeyToken=b03f5f7f11d50a3a' file path 'C:\Program Files\dotnet\sdk\8.0.304\Extensions\Microsoft.VisualStudio.TestPlatform.Extensions.Trx.TestLogger.dll'
TpTrace Information: 0 : 34284, 1, 2024/08/19, 10:20:26.712, 637953135211, vstest.console.dll, GetTestExtensionFromType: Register extension with identifier data 'logger://Microsoft/TestPlatform/TrxLogger/v1' and type 'Microsoft.VisualStudio.TestPlatform.Extensions.TrxLogger.TrxLogger, Microsoft.VisualStudio.TestPlatform.Extensions.Trx.TestLogger, Version=15.0.0.0, Culture=neutral, PublicKeyToken=b03f5f7f11d50a3a' inside file 'C:\Program Files\dotnet\sdk\8.0.304\Extensions\Microsoft.VisualStudio.TestPlatform.Extensions.Trx.TestLogger.dll'
TpTrace Verbose: 0 : 34284, 1, 2024/08/19, 10:20:26.712, 637953137728, vstest.console.dll, TestPluginCache: Discovered the extensions using extension path ''.
TpTrace Verbose: 0 : 34284, 1, 2024/08/19, 10:20:26.712, 637953138976, vstest.console.dll, TestPluginCache: Discoverers are ''.
TpTrace Verbose: 0 : 34284, 1, 2024/08/19, 10:20:26.712, 637953139816, vstest.console.dll, TestPluginCache: Executors are ''.
TpTrace Verbose: 0 : 34284, 1, 2024/08/19, 10:20:26.712, 637953140584, vstest.console.dll, TestPluginCache: Executors2 are ''.
TpTrace Verbose: 0 : 34284, 1, 2024/08/19, 10:20:26.712, 637953141355, vstest.console.dll, TestPluginCache: Setting providers are ''.
TpTrace Verbose: 0 : 34284, 1, 2024/08/19, 10:20:26.713, 637953143245, vstest.console.dll, TestPluginCache: Loggers are 'logger://Microsoft/TestPlatform/Extensions/Blame/v1,logger://Microsoft/TestPlatform/HtmlLogger/v1,logger://Microsoft/TestPlatform/TrxLogger/v1'.
TpTrace Verbose: 0 : 34284, 1, 2024/08/19, 10:20:26.713, 637953148161, vstest.console.dll, TestPluginCache: TestHosts are 'HostProvider://DefaultTestHost,HostProvider://DotnetTestHost'.
TpTrace Verbose: 0 : 34284, 1, 2024/08/19, 10:20:26.713, 637953149602, vstest.console.dll, TestPluginCache: DataCollectors are ''.
TpTrace Information: 0 : 34284, 1, 2024/08/19, 10:20:26.716, 637953179324, vstest.console.dll, TestPluginManager.CreateTestExtension: Attempting to load test extension: Microsoft.TestPlatform.Extensions.BlameDataCollector.BlameLogger
TpTrace Verbose: 0 : 34284, 1, 2024/08/19, 10:20:26.745, 637953468867, vstest.console.dll, TestEngine: Initializing Parallel Execution as MaxCpuCount is set to: 1
TpTrace Information: 0 : 34284, 1, 2024/08/19, 10:20:26.752, 637953533663, vstest.console.dll, TestPluginManager.CreateTestExtension: Attempting to load test extension: Microsoft.VisualStudio.TestPlatform.CrossPlatEngine.Hosting.DefaultTestHostManager
TpTrace Information: 0 : 34284, 1, 2024/08/19, 10:20:26.755, 637953566043, vstest.console.dll, TestPluginManager.CreateTestExtension: Attempting to load test extension: Microsoft.VisualStudio.TestPlatform.CrossPlatEngine.Hosting.DotnetTestHostManager
TpTrace Information: 0 : 34284, 1, 2024/08/19, 10:20:26.756, 637953582801, vstest.console.dll, InferRunSettingsHelper.IsTestSettingsEnabled: Unable to navigate to RunSettings/MSTest. Current node: RunSettings
TpTrace Verbose: 0 : 34284, 1, 2024/08/19, 10:20:26.758, 637953600189, vstest.console.dll, ParallelOperationManager.ClearSlots: Clearing all slots. Slots should accept more work: True
TpTrace Verbose: 0 : 34284, 1, 2024/08/19, 10:20:26.760, 637953622650, vstest.console.dll, ParallelOperationManager.SetOccupiedSlotCount: Setting slot counts AvailableSlotCount = 1, OccupiedSlotCount = 0.
TpTrace Verbose: 0 : 34284, 1, 2024/08/19, 10:20:26.762, 637953633716, vstest.console.dll, Occupied slots:

TpTrace Verbose: 0 : 34284, 1, 2024/08/19, 10:20:26.772, 637953735978, vstest.console.dll, TestEngine.GetExecutionManager: Chosen execution manager 'Microsoft.VisualStudio.TestPlatform.CrossPlatEngine.Client.Parallel.ParallelProxyExecutionManager, Microsoft.TestPlatform.CrossPlatEngine, Version=15.0.0.0, Culture=neutral, PublicKeyToken=b03f5f7f11d50a3a' ParallelLevel '1'.
TpTrace Verbose: 0 : 34284, 1, 2024/08/19, 10:20:26.772, 637953739814, vstest.console.dll, TestRunRequest.ExecuteAsync: Creating test run request.
TpTrace Verbose: 0 : 34284, 1, 2024/08/19, 10:20:26.773, 637953745892, vstest.console.dll, TestRunRequest.ExecuteAsync: Starting.
TpTrace Information: 0 : 34284, 1, 2024/08/19, 10:20:26.777, 637953790230, vstest.console.dll, TestRunRequest.ExecuteAsync: Starting run with settings:TestRunCriteria:
   KeepAlive=False,FrequencyOfRunStatsChangeEvent=10,RunStatsChangeEventTimeout=00:00:01.5000000,TestCaseFilter=,TestExecutorLauncher=
   Settingsxml=<RunSettings>
  <RunConfiguration>
    <ResultsDirectory>C:\Dev\ReelMatics\ReelMatics.Tests\bin\Debug\net8.0\fine-code-coverage\coverage-tool-output</ResultsDirectory>
    <TargetPlatform>X64</TargetPlatform>
    <TargetFrameworkVersion>.NETCoreApp,Version=v8.0</TargetFrameworkVersion>
    <DesignMode>False</DesignMode>
    <CollectSourceInformation>False</CollectSourceInformation>
  </RunConfiguration>
  <LoggerRunSettings>
    <Loggers>
      <Logger friendlyName="blame" enabled="True" />
      <Logger friendlyName="Console" uri="logger://microsoft/TestPlatform/ConsoleLogger/v1" assemblyQualifiedName="Microsoft.VisualStudio.TestPlatform.CommandLine.Internal.ConsoleLogger, vstest.console, Version=15.0.0.0, Culture=neutral, PublicKeyToken=b03f5f7f11d50a3a" codeBase="C:\Program Files\dotnet\sdk\8.0.304\vstest.console.dll" enabled="True" />
    </Loggers>
  </LoggerRunSettings>
  <DataCollectionRunSettings>
    <DataCollectors>
      <DataCollector friendlyName="blame" enabled="True">
        <Configuration>
          <ResultsDirectory>C:\Dev\ReelMatics\ReelMatics.Tests\bin\Debug\net8.0\fine-code-coverage\coverage-tool-output</ResultsDirectory>
        </Configuration>
      </DataCollector>
    </DataCollectors>
  </DataCollectionRunSettings>
</RunSettings>

TpTrace Verbose: 0 : 34284, 1, 2024/08/19, 10:20:26.777, 637953792448, vstest.console.dll, TestRunRequest.ExecuteAsync: Wait for the first run request is over.
TpTrace Verbose: 0 : 34284, 1, 2024/08/19, 10:20:26.779, 637953804893, vstest.console.dll, MulticastDelegateUtilities.SafeInvoke: TestRun.TestRunStart: Invoking callbacks was skipped because there are no subscribers.
TpTrace Verbose: 0 : 34284, 4, 2024/08/19, 10:20:26.779, 637953807444, vstest.console.dll, MulticastDelegateUtilities.SafeInvoke: InternalTestLoggerEvents.SendTestRunStart: Invoking callback 1/1 for Microsoft.VisualStudio.TestPlatform.CommandLine.Internal.ConsoleLogger., took 0 ms.
TpTrace Verbose: 0 : 34284, 1, 2024/08/19, 10:20:26.783, 637953845132, vstest.console.dll, ParallelProxyExecutionManager: Start execution. Total sources: 1
TpTrace Verbose: 0 : 34284, 1, 2024/08/19, 10:20:26.784, 637953855340, vstest.console.dll, ParallelOperationManager.StartWork: Starting adding 1 workloads.
TpTrace Verbose: 0 : 34284, 1, 2024/08/19, 10:20:26.784, 637953857417, vstest.console.dll, ParallelOperationManager.ClearSlots: Clearing all slots. Slots should accept more work: True
TpTrace Verbose: 0 : 34284, 1, 2024/08/19, 10:20:26.784, 637953859508, vstest.console.dll, ParallelOperationManager.SetOccupiedSlotCount: Setting slot counts AvailableSlotCount = 1, OccupiedSlotCount = 0.
TpTrace Verbose: 0 : 34284, 1, 2024/08/19, 10:20:26.784, 637953860738, vstest.console.dll, Occupied slots:

TpTrace Verbose: 0 : 34284, 1, 2024/08/19, 10:20:26.789, 637953903275, vstest.console.dll, TestRequestSender is acting as server.
TpTrace Verbose: 0 : 34284, 1, 2024/08/19, 10:20:26.792, 637953936954, vstest.console.dll, ParallelOperationManager.RunWorkInParallel: Adding 1 workload to slot, remaining workloads 0.
TpTrace Verbose: 0 : 34284, 1, 2024/08/19, 10:20:26.792, 637953939066, vstest.console.dll, ParallelOperationManager.SetOccupiedSlotCount: Setting slot counts AvailableSlotCount = 0, OccupiedSlotCount = 1.
TpTrace Verbose: 0 : 34284, 1, 2024/08/19, 10:20:26.792, 637953942237, vstest.console.dll, Occupied slots:
0: C:\Dev\ReelMatics\ReelMatics.Tests\bin\Debug\net8.0\fine-code-coverage\build-output\ReelMatics.Tests.dll
TpTrace Verbose: 0 : 34284, 1, 2024/08/19, 10:20:26.795, 637953972734, vstest.console.dll, ParallelOperationManager.RunWorkInParallel: Started host in slot number 0 for work (source): C:\Dev\ReelMatics\ReelMatics.Tests\bin\Debug\net8.0\fine-code-coverage\build-output\ReelMatics.Tests.dll.
TpTrace Verbose: 0 : 34284, 1, 2024/08/19, 10:20:26.797, 637953986756, vstest.console.dll, ParallelOperationManager.RunWorkInParallel: We started 1 work items, which is the max parallel level. Won't start more work.
TpTrace Verbose: 0 : 34284, 1, 2024/08/19, 10:20:26.797, 637953987929, vstest.console.dll, ParallelOperationManager.RunWorkInParallel: We started 1 work items in here, returning True.
TpTrace Information: 0 : 34284, 1, 2024/08/19, 10:20:26.797, 637953988606, vstest.console.dll, TestRunRequest.ExecuteAsync: Started.
TpTrace Verbose: 0 : 34284, 5, 2024/08/19, 10:20:26.797, 637953991421, vstest.console.dll, ParallelProxyExecutionManager.StartTestRunOnConcurrentManager: Initializing uninitialized client. Started clients: 0
TpTrace Verbose: 0 : 34284, 5, 2024/08/19, 10:20:26.798, 637953997633, vstest.console.dll, DataCollectionRequestSender.InitializeCommunication : Initialize communication. 
TpTrace Verbose: 0 : 34284, 1, 2024/08/19, 10:20:26.799, 637954009510, vstest.console.dll, TestRunRequest.WaitForCompletion: Waiting with timeout -1.
TpTrace Information: 0 : 34284, 5, 2024/08/19, 10:20:26.821, 637954230024, vstest.console.dll, Listening on Endpoint : 127.0.0.1:63428
TpTrace Verbose: 0 : 34284, 5, 2024/08/19, 10:20:26.834, 637954359684, vstest.console.dll, DotnetDataCollectionLauncher: Adding  --runtimeconfig "C:\Program Files\dotnet\sdk\8.0.304\datacollector.runtimeconfig.json" in args
TpTrace Verbose: 0 : 34284, 5, 2024/08/19, 10:20:26.834, 637954362860, vstest.console.dll, DotnetDataCollectionLauncher: Adding  --depsfile "C:\Program Files\dotnet\sdk\8.0.304\datacollector.deps.json" in args
TpTrace Verbose: 0 : 34284, 5, 2024/08/19, 10:20:26.835, 637954368204, vstest.console.dll, DotnetDataCollectionLauncher: Full path of dotnet.exe is C:\Program Files\dotnet\dotnet.exe
TpTrace Information: 0 : 34284, 5, 2024/08/19, 10:20:26.864, 637954655012, vstest.console.dll, ProxyDataCollectionManager.Initialize: Launched datacollector processId: 14456 port: 63428
TpTrace Information: 0 : 34284, 5, 2024/08/19, 10:20:26.864, 637954657911, vstest.console.dll, ProxyDataCollectionManager.Initialize: waiting for connection with timeout: 90 seconds
TpTrace Verbose: 0 : 34284, 5, 2024/08/19, 10:20:26.864, 637954659574, vstest.console.dll, DataCollectionRequestSender.WaitForRequestHandlerConnection : Waiting for connection with timeout: 90000
TpTrace Information: 0 : 34284, 7, 2024/08/19, 10:20:27.333, 637959349760, vstest.console.dll, Using the buffer size of 16384 bytes
TpTrace Verbose: 0 : 34284, 5, 2024/08/19, 10:20:27.333, 637959350242, vstest.console.dll, SocketCommunicationManager.WaitForClientConnection took: 468 ms, with 90000 ms timeout, and finished with True.
TpTrace Information: 0 : 34284, 7, 2024/08/19, 10:20:27.333, 637959351989, vstest.console.dll, Accepted Client request and set the flag
TpTrace Verbose: 0 : 34284, 5, 2024/08/19, 10:20:27.334, 637959354521, vstest.console.dll, ProxyDataCollectionManager.InvokeDataCollectionServiceAction: Starting.
TpTrace Information: 0 : 34284, 5, 2024/08/19, 10:20:27.334, 637959356807, vstest.console.dll, ProxyDataCollectionManager.BeforeTestRunStart: Get environment variable and port for datacollector processId: 14456 port: 63428
TpTrace Verbose: 0 : 34284, 5, 2024/08/19, 10:20:27.334, 637959360085, vstest.console.dll, DataCollectionRequestSender.SendBeforeTestRunStartAndGetResult: Send BeforeTestRunStart message with settingsXml <RunSettings><RunConfiguration><ResultsDirectory>C:\Dev\ReelMatics\ReelMatics.Tests\bin\Debug\net8.0\fine-code-coverage\coverage-tool-output</ResultsDirectory><TargetPlatform>X64</TargetPlatform><TargetFrameworkVersion>.NETCoreApp,Version=v8.0</TargetFrameworkVersion><DesignMode>False</DesignMode><CollectSourceInformation>False</CollectSourceInformation><TestAdaptersPaths>C:\Program Files\dotnet\sdk\8.0.304\Extensions</TestAdaptersPaths></RunConfiguration><LoggerRunSettings><Loggers><Logger friendlyName="blame" enabled="True" /><Logger friendlyName="Console" uri="logger://microsoft/TestPlatform/ConsoleLogger/v1" assemblyQualifiedName="Microsoft.VisualStudio.TestPlatform.CommandLine.Internal.ConsoleLogger, vstest.console, Version=15.0.0.0, Culture=neutral, PublicKeyToken=b03f5f7f11d50a3a" codeBase="C:\Program Files\dotnet\sdk\8.0.304\vstest.console.dll" enabled="True" /></Loggers></LoggerRunSettings><DataCollectionRunSettings><DataCollectors><DataCollector friendlyName="blame" enabled="True"><Configuration><ResultsDirectory>C:\Dev\ReelMatics\ReelMatics.Tests\bin\Debug\net8.0\fine-code-coverage\coverage-tool-output</ResultsDirectory></Configuration></DataCollector></DataCollectors></DataCollectionRunSettings></RunSettings> and sources System.Collections.Generic.List`1[System.String]: 
TpTrace Verbose: 0 : 34284, 5, 2024/08/19, 10:20:27.468, 637960702293, vstest.console.dll, DataCollectionRequestSender.SendBeforeTestRunStartAndGetResult: Received message: (DataCollection.SendMessage) -> {"MessageType":"DataCollection.SendMessage","Payload":{"FriendlyName":null,"Uri":null,"TestCaseId":"00000000-0000-0000-0000-000000000000","Message":"Logging DataCollector Diagnostics in file: C:\\Dev\\ReelMatics\\ReelMatics.Tests\\bin\\Debug\\net8.0\\fine-code-coverage\\coverage-tool-output\\diagnostics.datacollector.24-08-19_10-20-26_83413_5.log","Level":0}}
TpTrace Verbose: 0 : 34284, 5, 2024/08/19, 10:20:27.677, 637962788242, vstest.console.dll, DataCollectionRequestSender.SendBeforeTestRunStartAndGetResult: Received message: (DataCollection.BeforeTestRunStartResult) -> {"MessageType":"DataCollection.BeforeTestRunStartResult","Payload":{"EnvironmentVariables":{},"DataCollectionEventsPort":63432}}
TpTrace Information: 0 : 34284, 5, 2024/08/19, 10:20:27.689, 637962903474, vstest.console.dll, ProxyDataCollectionManager.BeforeTestRunStart: SendBeforeTestRunStartAndGetResult successful, env variable from datacollector:   and testhost port: 63432
TpTrace Information: 0 : 34284, 5, 2024/08/19, 10:20:27.689, 637962905678, vstest.console.dll, ProxyDataCollectionManager.InvokeDataCollectionServiceAction: Completed.
TpTrace Verbose: 0 : 34284, 5, 2024/08/19, 10:20:27.689, 637962906643, vstest.console.dll, ParallelProxyExecutionManager.StartTestRunOnConcurrentManager: Initializing test run. Started clients: 0
TpTrace Verbose: 0 : 34284, 5, 2024/08/19, 10:20:27.689, 637962908423, vstest.console.dll, ProxyExecutionManager: Test host is always Lazy initialize.
TpTrace Verbose: 0 : 34284, 5, 2024/08/19, 10:20:27.690, 637962913302, vstest.console.dll, TestRequestSender.InitializeCommunication: initialize communication. 
TpTrace Information: 0 : 34284, 5, 2024/08/19, 10:20:27.690, 637962921934, vstest.console.dll, SocketServer.Start: Listening on endpoint : 127.0.0.1:63433
TpTrace Verbose: 0 : 34284, 5, 2024/08/19, 10:20:27.692, 637962935384, vstest.console.dll, DotnetTestHostmanager.GetTestHostProcessStartInfo: Platform environment 'X64' target architecture 'X64' framework '.NETCoreApp,Version=v8.0' OS 'Windows'
TpTrace Verbose: 0 : 34284, 5, 2024/08/19, 10:20:27.692, 637962939662, vstest.console.dll, DotnetTestHostmanager: Adding  --runtimeconfig "C:\Dev\ReelMatics\ReelMatics.Tests\bin\Debug\net8.0\fine-code-coverage\build-output\ReelMatics.Tests.runtimeconfig.json" in args
TpTrace Verbose: 0 : 34284, 5, 2024/08/19, 10:20:27.692, 637962942014, vstest.console.dll, DotnetTestHostmanager: Adding  --depsfile "C:\Dev\ReelMatics\ReelMatics.Tests\bin\Debug\net8.0\fine-code-coverage\build-output\ReelMatics.Tests.deps.json" in args
TpTrace Verbose: 0 : 34284, 5, 2024/08/19, 10:20:27.693, 637962945933, vstest.console.dll, DotnetTestHostmanager.IsWinOnArm: Current PROCESSOR_ARCHITECTURE from environment variable 'AMD64'
TpTrace Verbose: 0 : 34284, 5, 2024/08/19, 10:20:27.693, 637962947469, vstest.console.dll, DotnetTestHostmanager.IsWinOnArm: Is Windows on ARM 'False'
TpTrace Verbose: 0 : 34284, 5, 2024/08/19, 10:20:27.693, 637962949478, vstest.console.dll, DotnetTestHostManager: testhost.exe found at path: C:\Dev\ReelMatics\ReelMatics.Tests\bin\Debug\net8.0\fine-code-coverage\build-output\testhost.exe
TpTrace Verbose: 0 : 34284, 5, 2024/08/19, 10:20:27.693, 637962950444, vstest.console.dll, DotnetTestHostmanager: Full path of host exe is C:\Dev\ReelMatics\ReelMatics.Tests\bin\Debug\net8.0\fine-code-coverage\build-output\testhost.exe
TpTrace Verbose: 0 : 34284, 5, 2024/08/19, 10:20:27.694, 637962952662, vstest.console.dll, DotnetTestHostmanager.LaunchTestHostAsync: Found 'VSTEST_WINAPPHOST_DOTNET_ROOT' in env variables, value 'C:\Program Files\dotnet', forwarding to 'DOTNET_ROOT'
TpTrace Verbose: 0 : 34284, 5, 2024/08/19, 10:20:27.694, 637962955270, vstest.console.dll, DotnetTestHostManager: Starting process 'C:\Dev\ReelMatics\ReelMatics.Tests\bin\Debug\net8.0\fine-code-coverage\build-output\testhost.exe' with command line ' --runtimeconfig "C:\Dev\ReelMatics\ReelMatics.Tests\bin\Debug\net8.0\fine-code-coverage\build-output\ReelMatics.Tests.runtimeconfig.json" --depsfile "C:\Dev\ReelMatics\ReelMatics.Tests\bin\Debug\net8.0\fine-code-coverage\build-output\ReelMatics.Tests.deps.json" --port 63433 --endpoint 127.0.0.1:063433 --role client --parentprocessid 34284 --diag "C:\Dev\ReelMatics\ReelMatics.Tests\bin\Debug\net8.0\fine-code-coverage\coverage-tool-output\diagnostics.host.24-08-19_10-20-27_69168_5.log" --tracelevel 4 --datacollectionport 63432 --telemetryoptedin false'
TpTrace Verbose: 0 : 34284, 5, 2024/08/19, 10:20:27.732, 637963333641, vstest.console.dll, MulticastDelegateUtilities.SafeInvoke: HostProviderEvents.OnHostLaunched: Invoking callback 1/2 for Microsoft.VisualStudio.TestPlatform.CrossPlatEngine.Client.ProxyExecutionManagerWithDataCollection., took 2 ms.
TpTrace Verbose: 0 : 34284, 5, 2024/08/19, 10:20:27.732, 637963341121, vstest.console.dll, Test Runtime launched
TpTrace Verbose: 0 : 34284, 5, 2024/08/19, 10:20:27.733, 637963343094, vstest.console.dll, MulticastDelegateUtilities.SafeInvoke: HostProviderEvents.OnHostLaunched: Invoking callback 2/2 for Microsoft.VisualStudio.TestPlatform.CrossPlatEngine.Client.ProxyOperationManager., took 0 ms.
TpTrace Verbose: 0 : 34284, 5, 2024/08/19, 10:20:27.733, 637963347026, vstest.console.dll, TestRequestSender.WaitForRequestHandlerConnection: waiting for connection with timeout: 90000.
TpTrace Verbose: 0 : 34284, 7, 2024/08/19, 10:20:28.632, 637972337665, vstest.console.dll, MulticastDelegateUtilities.SafeInvoke: SocketServer: ClientConnected: Invoking callback 1/1 for Microsoft.VisualStudio.TestPlatform.CommunicationUtilities.TestRequestSender., took 0 ms.
TpTrace Verbose: 0 : 34284, 5, 2024/08/19, 10:20:28.632, 637972337735, vstest.console.dll, TestRequestSender.WaitForRequestHandlerConnection: waiting took 899 ms, with timeout 90000 ms, and result 0, which is success.
TpTrace Verbose: 0 : 34284, 7, 2024/08/19, 10:20:28.632, 637972340821, vstest.console.dll, SocketServer.OnClientConnected: Client connected for endPoint: 127.0.0.1:63433, starting MessageLoopAsync:
TpTrace Verbose: 0 : 34284, 13, 2024/08/19, 10:20:28.634, 637972355787, vstest.console.dll, TcpClientExtensions.MessageLoopAsync: Polling on remoteEndPoint: 127.0.0.1:63434 localEndPoint: 127.0.0.1:63433 after 0 ms
TpTrace Verbose: 0 : 34284, 5, 2024/08/19, 10:20:28.636, 637972372623, vstest.console.dll, TestRequestSender.CheckVersionWithTestHost: Sending check version message: {"MessageType":"ProtocolVersion","Payload":7}
TpTrace Verbose: 0 : 34284, 13, 2024/08/19, 10:20:28.977, 637975790882, vstest.console.dll, TcpClientExtensions.MessageLoopAsync: NotifyDataAvailable remoteEndPoint: 127.0.0.1:63434 localEndPoint: 127.0.0.1:63433
TpTrace Verbose: 0 : 34284, 13, 2024/08/19, 10:20:28.978, 637975801363, vstest.console.dll, TestRequestSender.CheckVersionWithTestHost: onMessageReceived received message: (ProtocolVersion) -> {"MessageType":"ProtocolVersion","Payload":7}
TpTrace Verbose: 0 : 34284, 13, 2024/08/19, 10:20:28.981, 637975825026, vstest.console.dll, MulticastDelegateUtilities.SafeInvoke: LengthPrefixCommunicationChannel: MessageReceived: Invoking callback 1/1 for Microsoft.VisualStudio.TestPlatform.CommunicationUtilities.TestRequestSender+<>c__DisplayClass29_0., took 2 ms.
TpTrace Verbose: 0 : 34284, 13, 2024/08/19, 10:20:28.981, 637975828647, vstest.console.dll, TcpClientExtensions.MessageLoopAsync: Polling on remoteEndPoint: 127.0.0.1:63434 localEndPoint: 127.0.0.1:63433 after 347 ms
TpTrace Verbose: 0 : 34284, 5, 2024/08/19, 10:20:28.981, 637975828732, vstest.console.dll, TestPluginCache.GetExtensionPaths: Filtered extension paths: 
TpTrace Verbose: 0 : 34284, 5, 2024/08/19, 10:20:28.982, 637975834129, vstest.console.dll, TestPluginCache.GetExtensionPaths: Added default extension paths: C:\Program Files\dotnet\sdk\8.0.304\Extensions\Microsoft.Diagnostics.NETCore.Client.dll
C:\Program Files\dotnet\sdk\8.0.304\Extensions\Microsoft.TestPlatform.Extensions.BlameDataCollector.dll
C:\Program Files\dotnet\sdk\8.0.304\Extensions\Microsoft.TestPlatform.Extensions.EventLogCollector.dll
C:\Program Files\dotnet\sdk\8.0.304\Extensions\Microsoft.TestPlatform.TestHostRuntimeProvider.dll
C:\Program Files\dotnet\sdk\8.0.304\Extensions\Microsoft.VisualStudio.TestPlatform.Extensions.Html.TestLogger.dll
C:\Program Files\dotnet\sdk\8.0.304\Extensions\Microsoft.VisualStudio.TestPlatform.Extensions.Trx.TestLogger.dll
TpTrace Verbose: 0 : 34284, 5, 2024/08/19, 10:20:28.982, 637975836105, vstest.console.dll, TestPluginCache.GetExtensionPaths: Added unfilterableExtensionPaths: 
TpTrace Verbose: 0 : 34284, 5, 2024/08/19, 10:20:28.996, 637975972845, vstest.console.dll, TestRequestSender.InitializeExecution: Sending initialize execution with message: {"Version":7,"MessageType":"TestExecution.Initialize","Payload":["C:\\Dev\\ReelMatics\\ReelMatics.Tests\\bin\\Debug\\net8.0\\fine-code-coverage\\build-output\\NUnit3.TestAdapter.dll"]}
TpTrace Verbose: 0 : 34284, 5, 2024/08/19, 10:20:28.998, 637975993359, vstest.console.dll, ParallelProxyExecutionManager.StartTestRunOnConcurrentManager: Execution starting. Started clients: 1
TpTrace Verbose: 0 : 34284, 5, 2024/08/19, 10:20:28.999, 637976002289, vstest.console.dll, TestRunRequest:SendTestRunMessage: Starting.
TpTrace Verbose: 0 : 34284, 5, 2024/08/19, 10:20:28.999, 637976007149, vstest.console.dll, MulticastDelegateUtilities.SafeInvoke: TestRun.LogMessages: Invoking callback 1/1 for Microsoft.VisualStudio.TestPlatform.CommandLine.TestRunResultAggregator., took 0 ms.
TpTrace Information: 0 : 34284, 5, 2024/08/19, 10:20:28.999, 637976009242, vstest.console.dll, TestRunRequest:SendTestRunMessage: Completed.
TpTrace Verbose: 0 : 34284, 4, 2024/08/19, 10:20:29.000, 637976013735, vstest.console.dll, MulticastDelegateUtilities.SafeInvoke: InternalTestLoggerEvents.SendTestRunMessage: Invoking callback 1/1 for Microsoft.VisualStudio.TestPlatform.CommandLine.Internal.ConsoleLogger., took 0 ms.
TpTrace Warning: 0 : 34284, 5, 2024/08/19, 10:20:29.001, 637976024730, vstest.console.dll, InferRunSettingsHelper.MakeRunsettingsCompatible: Removing the following settings: TargetPlatform from RunSettings file. To use those settings please move to latest version of Microsoft.NET.Test.Sdk
TpTrace Verbose: 0 : 34284, 13, 2024/08/19, 10:20:29.004, 637976053286, vstest.console.dll, TcpClientExtensions.MessageLoopAsync: NotifyDataAvailable remoteEndPoint: 127.0.0.1:63434 localEndPoint: 127.0.0.1:63433
TpTrace Verbose: 0 : 34284, 13, 2024/08/19, 10:20:29.005, 637976065542, vstest.console.dll, TestRequestSender.OnExecutionMessageReceived: Received message: {"Version":7,"MessageType":"TestSession.Message","Payload":{"MessageLevel":0,"Message":"Logging TestHost Diagnostics in file: C:\\Dev\\ReelMatics\\ReelMatics.Tests\\bin\\Debug\\net8.0\\fine-code-coverage\\coverage-tool-output\\diagnostics.host.24-08-19_10-20-27_69168_5.log"}}
TpTrace Verbose: 0 : 34284, 13, 2024/08/19, 10:20:29.016, 637976178232, vstest.console.dll, TestRunRequest:SendTestRunMessage: Starting.
TpTrace Verbose: 0 : 34284, 13, 2024/08/19, 10:20:29.017, 637976182671, vstest.console.dll, MulticastDelegateUtilities.SafeInvoke: TestRun.LogMessages: Invoking callback 1/1 for Microsoft.VisualStudio.TestPlatform.CommandLine.TestRunResultAggregator., took 0 ms.
TpTrace Verbose: 0 : 34284, 4, 2024/08/19, 10:20:29.017, 637976183007, vstest.console.dll, MulticastDelegateUtilities.SafeInvoke: InternalTestLoggerEvents.SendTestRunMessage: Invoking callback 1/1 for Microsoft.VisualStudio.TestPlatform.CommandLine.Internal.ConsoleLogger., took 0 ms.
TpTrace Information: 0 : 34284, 13, 2024/08/19, 10:20:29.017, 637976184839, vstest.console.dll, TestRunRequest:SendTestRunMessage: Completed.
TpTrace Verbose: 0 : 34284, 13, 2024/08/19, 10:20:29.017, 637976188889, vstest.console.dll, MulticastDelegateUtilities.SafeInvoke: LengthPrefixCommunicationChannel: MessageReceived: Invoking callback 1/1 for Microsoft.VisualStudio.TestPlatform.CommunicationUtilities.TestRequestSender+<>c__DisplayClass34_0., took 13 ms.
TpTrace Verbose: 0 : 34284, 13, 2024/08/19, 10:20:29.017, 637976190013, vstest.console.dll, TcpClientExtensions.MessageLoopAsync: Polling on remoteEndPoint: 127.0.0.1:63434 localEndPoint: 127.0.0.1:63433 after 35 ms
TpTrace Verbose: 0 : 34284, 5, 2024/08/19, 10:20:29.024, 637976255899, vstest.console.dll, TestRequestSender.StartTestRun: Sending test run with message: {"Version":7,"MessageType":"TestExecution.StartWithSources","Payload":{"AdapterSourceMap":{"_none_":["C:\\Dev\\ReelMatics\\ReelMatics.Tests\\bin\\Debug\\net8.0\\fine-code-coverage\\build-output\\ReelMatics.Tests.dll"]},"RunSettings":"<RunSettings>\r\n  <RunConfiguration>\r\n    <ResultsDirectory>C:\\Dev\\ReelMatics\\ReelMatics.Tests\\bin\\Debug\\net8.0\\fine-code-coverage\\coverage-tool-output</ResultsDirectory>\r\n    <TargetFrameworkVersion>.NETCoreApp,Version=v8.0</TargetFrameworkVersion>\r\n    <DesignMode>False</DesignMode>\r\n    <CollectSourceInformation>False</CollectSourceInformation>\r\n  </RunConfiguration>\r\n  <LoggerRunSettings>\r\n    <Loggers>\r\n      <Logger friendlyName=\"blame\" enabled=\"True\" />\r\n      <Logger friendlyName=\"Console\" uri=\"logger://microsoft/TestPlatform/ConsoleLogger/v1\" assemblyQualifiedName=\"Microsoft.VisualStudio.TestPlatform.CommandLine.Internal.ConsoleLogger, vstest.console, Version=15.0.0.0, Culture=neutral, PublicKeyToken=b03f5f7f11d50a3a\" codeBase=\"C:\\Program Files\\dotnet\\sdk\\8.0.304\\vstest.console.dll\" enabled=\"True\" />\r\n    </Loggers>\r\n  </LoggerRunSettings>\r\n  <DataCollectionRunSettings>\r\n    <DataCollectors>\r\n      <DataCollector friendlyName=\"blame\" enabled=\"True\">\r\n        <Configuration>\r\n          <ResultsDirectory>C:\\Dev\\ReelMatics\\ReelMatics.Tests\\bin\\Debug\\net8.0\\fine-code-coverage\\coverage-tool-output</ResultsDirectory>\r\n        </Configuration>\r\n      </DataCollector>\r\n    </DataCollectors>\r\n  </DataCollectionRunSettings>\r\n</RunSettings>","TestExecutionContext":{"FrequencyOfRunStatsChangeEvent":10,"RunStatsChangeEventTimeout":"00:00:01.5000000","InIsolation":false,"KeepAlive":false,"AreTestCaseLevelEventsRequired":false,"IsDebug":false,"TestCaseFilter":null,"FilterOptions":null},"Package":null}}
TpTrace Verbose: 0 : 34284, 5, 2024/08/19, 10:20:29.026, 637976277580, vstest.console.dll, ParallelProxyExecutionManager.StartTestRunOnConcurrentManager: Execution started. Started clients: 1
TpTrace Verbose: 0 : 34284, 13, 2024/08/19, 10:20:29.720, 637983214945, vstest.console.dll, TcpClientExtensions.MessageLoopAsync: NotifyDataAvailable remoteEndPoint: 127.0.0.1:63434 localEndPoint: 127.0.0.1:63433
TpTrace Verbose: 0 : 34284, 13, 2024/08/19, 10:20:29.720, 637983218912, vstest.console.dll, TestRequestSender.OnExecutionMessageReceived: Received message: {"Version":7,"MessageType":"TestSession.Message","Payload":{"MessageLevel":0,"Message":"NUnit Adapter 4.5.0.0: Test execution started"}}
TpTrace Verbose: 0 : 34284, 13, 2024/08/19, 10:20:29.721, 637983223992, vstest.console.dll, TestRunRequest:SendTestRunMessage: Starting.
TpTrace Verbose: 0 : 34284, 13, 2024/08/19, 10:20:29.721, 637983226261, vstest.console.dll, MulticastDelegateUtilities.SafeInvoke: TestRun.LogMessages: Invoking callback 1/1 for Microsoft.VisualStudio.TestPlatform.CommandLine.TestRunResultAggregator., took 0 ms.
TpTrace Verbose: 0 : 34284, 4, 2024/08/19, 10:20:29.721, 637983226801, vstest.console.dll, MulticastDelegateUtilities.SafeInvoke: InternalTestLoggerEvents.SendTestRunMessage: Invoking callback 1/1 for Microsoft.VisualStudio.TestPlatform.CommandLine.Internal.ConsoleLogger., took 0 ms.
TpTrace Information: 0 : 34284, 13, 2024/08/19, 10:20:29.721, 637983228826, vstest.console.dll, TestRunRequest:SendTestRunMessage: Completed.
TpTrace Verbose: 0 : 34284, 13, 2024/08/19, 10:20:29.721, 637983230340, vstest.console.dll, MulticastDelegateUtilities.SafeInvoke: LengthPrefixCommunicationChannel: MessageReceived: Invoking callback 1/1 for Microsoft.VisualStudio.TestPlatform.CommunicationUtilities.TestRequestSender+<>c__DisplayClass34_0., took 1 ms.
TpTrace Verbose: 0 : 34284, 13, 2024/08/19, 10:20:29.721, 637983231423, vstest.console.dll, TcpClientExtensions.MessageLoopAsync: Polling on remoteEndPoint: 127.0.0.1:63434 localEndPoint: 127.0.0.1:63433 after 704 ms
TpTrace Verbose: 0 : 34284, 13, 2024/08/19, 10:20:29.779, 637983804707, vstest.console.dll, TcpClientExtensions.MessageLoopAsync: NotifyDataAvailable remoteEndPoint: 127.0.0.1:63434 localEndPoint: 127.0.0.1:63433
TpTrace Verbose: 0 : 34284, 13, 2024/08/19, 10:20:29.779, 637983807356, vstest.console.dll, TestRequestSender.OnExecutionMessageReceived: Received message: {"Version":7,"MessageType":"TestSession.Message","Payload":{"MessageLevel":0,"Message":"Running all tests in C:\\Dev\\ReelMatics\\ReelMatics.Tests\\bin\\Debug\\net8.0\\fine-code-coverage\\build-output\\ReelMatics.Tests.dll"}}
TpTrace Verbose: 0 : 34284, 13, 2024/08/19, 10:20:29.779, 637983809835, vstest.console.dll, TestRunRequest:SendTestRunMessage: Starting.
TpTrace Verbose: 0 : 34284, 13, 2024/08/19, 10:20:29.780, 637983811960, vstest.console.dll, MulticastDelegateUtilities.SafeInvoke: TestRun.LogMessages: Invoking callback 1/1 for Microsoft.VisualStudio.TestPlatform.CommandLine.TestRunResultAggregator., took 0 ms.
TpTrace Verbose: 0 : 34284, 4, 2024/08/19, 10:20:29.780, 637983812432, vstest.console.dll, MulticastDelegateUtilities.SafeInvoke: InternalTestLoggerEvents.SendTestRunMessage: Invoking callback 1/1 for Microsoft.VisualStudio.TestPlatform.CommandLine.Internal.ConsoleLogger., took 0 ms.
TpTrace Information: 0 : 34284, 13, 2024/08/19, 10:20:29.780, 637983812699, vstest.console.dll, TestRunRequest:SendTestRunMessage: Completed.
TpTrace Verbose: 0 : 34284, 13, 2024/08/19, 10:20:29.780, 637983815055, vstest.console.dll, MulticastDelegateUtilities.SafeInvoke: LengthPrefixCommunicationChannel: MessageReceived: Invoking callback 1/1 for Microsoft.VisualStudio.TestPlatform.CommunicationUtilities.TestRequestSender+<>c__DisplayClass34_0., took 0 ms.
TpTrace Verbose: 0 : 34284, 13, 2024/08/19, 10:20:29.780, 637983815893, vstest.console.dll, TcpClientExtensions.MessageLoopAsync: Polling on remoteEndPoint: 127.0.0.1:63434 localEndPoint: 127.0.0.1:63433 after 58 ms
TpTrace Verbose: 0 : 34284, 13, 2024/08/19, 10:20:30.237, 637988382049, vstest.console.dll, TcpClientExtensions.MessageLoopAsync: NotifyDataAvailable remoteEndPoint: 127.0.0.1:63434 localEndPoint: 127.0.0.1:63433
TpTrace Verbose: 0 : 34284, 13, 2024/08/19, 10:20:30.237, 637988385329, vstest.console.dll, TestRequestSender.OnExecutionMessageReceived: Received message: {"Version":7,"MessageType":"TestSession.Message","Payload":{"MessageLevel":0,"Message":"   NUnit3TestExecutor discovered 1 of 1 NUnit test cases using Current Discovery mode, Non-Explicit run"}}
TpTrace Verbose: 0 : 34284, 13, 2024/08/19, 10:20:30.237, 637988389007, vstest.console.dll, TestRunRequest:SendTestRunMessage: Starting.
TpTrace Verbose: 0 : 34284, 13, 2024/08/19, 10:20:30.237, 637988391232, vstest.console.dll, MulticastDelegateUtilities.SafeInvoke: TestRun.LogMessages: Invoking callback 1/1 for Microsoft.VisualStudio.TestPlatform.CommandLine.TestRunResultAggregator., took 0 ms.
TpTrace Information: 0 : 34284, 13, 2024/08/19, 10:20:30.238, 637988392094, vstest.console.dll, TestRunRequest:SendTestRunMessage: Completed.
TpTrace Verbose: 0 : 34284, 4, 2024/08/19, 10:20:30.238, 637988392407, vstest.console.dll, MulticastDelegateUtilities.SafeInvoke: InternalTestLoggerEvents.SendTestRunMessage: Invoking callback 1/1 for Microsoft.VisualStudio.TestPlatform.CommandLine.Internal.ConsoleLogger., took 0 ms.
TpTrace Verbose: 0 : 34284, 13, 2024/08/19, 10:20:30.238, 637988392895, vstest.console.dll, MulticastDelegateUtilities.SafeInvoke: LengthPrefixCommunicationChannel: MessageReceived: Invoking callback 1/1 for Microsoft.VisualStudio.TestPlatform.CommunicationUtilities.TestRequestSender+<>c__DisplayClass34_0., took 0 ms.
TpTrace Verbose: 0 : 34284, 13, 2024/08/19, 10:20:30.238, 637988395661, vstest.console.dll, TcpClientExtensions.MessageLoopAsync: Polling on remoteEndPoint: 127.0.0.1:63434 localEndPoint: 127.0.0.1:63433 after 457 ms
TpTrace Verbose: 0 : 34284, 13, 2024/08/19, 10:20:31.241, 637998429464, vstest.console.dll, TcpClientExtensions.MessageLoopAsync: Polling on remoteEndPoint: 127.0.0.1:63434 localEndPoint: 127.0.0.1:63433 after 1003 ms
TpTrace Verbose: 0 : 34284, 13, 2024/08/19, 10:20:31.915, 638005167969, vstest.console.dll, TcpClientExtensions.MessageLoopAsync: NotifyDataAvailable remoteEndPoint: 127.0.0.1:63434 localEndPoint: 127.0.0.1:63433
TpTrace Verbose: 0 : 34284, 13, 2024/08/19, 10:20:31.915, 638005170633, vstest.console.dll, TestRequestSender.OnExecutionMessageReceived: Received message: {"Version":7,"MessageType":"TestExecution.StatsChange","Payload":{"NewTestResults":[],"TestRunStatistics":{"ExecutedTests":0,"Stats":{}},"ActiveTests":[{"Id":"ae4237c4-b232-caa0-48c6-aafdc58d7e8f","FullyQualifiedName":"ReelMatics.Tests.Features.ReelMaticsSlotMachineSpinFeature.SpinTheReelsAndDisplayTheScreen","DisplayName":"SpinTheReelsAndDisplayTheScreen","ExecutorUri":"executor://NUnit3TestExecutor","Source":"C:\\Dev\\ReelMatics\\ReelMatics.Tests\\bin\\Debug\\net8.0\\fine-code-coverage\\build-output\\ReelMatics.Tests.dll","CodeFilePath":null,"LineNumber":0,"Properties":[{"Key":{"Id":"NUnit.Seed","Label":"Seed","Category":"","Description":"","Attributes":0,"ValueType":"System.String"},"Value":"1562223977"}]}]}}
TpTrace Verbose: 0 : 34284, 13, 2024/08/19, 10:20:31.947, 638005481544, vstest.console.dll, TestRunRequest:SendTestRunStatsChange: Starting.
TpTrace Verbose: 0 : 34284, 13, 2024/08/19, 10:20:31.947, 638005483888, vstest.console.dll, InProgress is SpinTheReelsAndDisplayTheScreen
TpTrace Verbose: 0 : 34284, 13, 2024/08/19, 10:20:31.947, 638005485726, vstest.console.dll, MulticastDelegateUtilities.SafeInvoke: TestRun.RunStatsChanged: Invoking callbacks was skipped because there are no subscribers.
TpTrace Information: 0 : 34284, 13, 2024/08/19, 10:20:31.947, 638005486560, vstest.console.dll, TestRunRequest:SendTestRunStatsChange: Completed.
TpTrace Verbose: 0 : 34284, 13, 2024/08/19, 10:20:31.947, 638005487263, vstest.console.dll, MulticastDelegateUtilities.SafeInvoke: LengthPrefixCommunicationChannel: MessageReceived: Invoking callback 1/1 for Microsoft.VisualStudio.TestPlatform.CommunicationUtilities.TestRequestSender+<>c__DisplayClass34_0., took 31 ms.
TpTrace Verbose: 0 : 34284, 13, 2024/08/19, 10:20:31.947, 638005487794, vstest.console.dll, TcpClientExtensions.MessageLoopAsync: Polling on remoteEndPoint: 127.0.0.1:63434 localEndPoint: 127.0.0.1:63433 after 705 ms
TpTrace Verbose: 0 : 34284, 13, 2024/08/19, 10:20:32.088, 638006893775, vstest.console.dll, TcpClientExtensions.MessageLoopAsync: NotifyDataAvailable remoteEndPoint: 127.0.0.1:63434 localEndPoint: 127.0.0.1:63433
TpTrace Verbose: 0 : 34284, 13, 2024/08/19, 10:20:32.088, 638006896988, vstest.console.dll, TestRequestSender.OnExecutionMessageReceived: Received message: {"Version":7,"MessageType":"TestSession.Message","Payload":{"MessageLevel":1,"Message":"Given the slot machine has been spun\r\n-> done: ReelMaticsStepDefinitions.GivenTheSlotMachineHasBeenSpun() (0,0s)\r\nWhen capturing the results\r\n-> done: ReelMaticsStepDefinitions.WhenCapturingTheResults() (0,0s)\r\nThen the stop positions should be displayed\r\n-> done: ReelMaticsStepDefinitions.ThenTheStopPositionsShouldBeDisplayed() (0,1s)\r\nAnd the screen should display the correct symbols\r\n-> done: ReelMaticsStepDefinitions.ThenTheScreenShouldDisplayTheCorrectSymbols() (0,0s)\r\n"}}
TpTrace Verbose: 0 : 34284, 13, 2024/08/19, 10:20:32.088, 638006899925, vstest.console.dll, TestRunRequest:SendTestRunMessage: Starting.
TpTrace Verbose: 0 : 34284, 13, 2024/08/19, 10:20:32.089, 638006901457, vstest.console.dll, MulticastDelegateUtilities.SafeInvoke: TestRun.LogMessages: Invoking callback 1/1 for Microsoft.VisualStudio.TestPlatform.CommandLine.TestRunResultAggregator., took 0 ms.
TpTrace Information: 0 : 34284, 13, 2024/08/19, 10:20:32.089, 638006902298, vstest.console.dll, TestRunRequest:SendTestRunMessage: Completed.
TpTrace Verbose: 0 : 34284, 13, 2024/08/19, 10:20:32.089, 638006903096, vstest.console.dll, MulticastDelegateUtilities.SafeInvoke: LengthPrefixCommunicationChannel: MessageReceived: Invoking callback 1/1 for Microsoft.VisualStudio.TestPlatform.CommunicationUtilities.TestRequestSender+<>c__DisplayClass34_0., took 0 ms.
TpTrace Verbose: 0 : 34284, 13, 2024/08/19, 10:20:32.089, 638006904178, vstest.console.dll, TcpClientExtensions.MessageLoopAsync: Polling on remoteEndPoint: 127.0.0.1:63434 localEndPoint: 127.0.0.1:63433 after 141 ms
TpTrace Verbose: 0 : 34284, 4, 2024/08/19, 10:20:32.089, 638006904422, vstest.console.dll, MulticastDelegateUtilities.SafeInvoke: InternalTestLoggerEvents.SendTestRunMessage: Invoking callback 1/1 for Microsoft.VisualStudio.TestPlatform.CommandLine.Internal.ConsoleLogger., took 0 ms.
TpTrace Verbose: 0 : 34284, 13, 2024/08/19, 10:20:32.139, 638007408636, vstest.console.dll, TcpClientExtensions.MessageLoopAsync: NotifyDataAvailable remoteEndPoint: 127.0.0.1:63434 localEndPoint: 127.0.0.1:63433
TpTrace Verbose: 0 : 34284, 13, 2024/08/19, 10:20:32.140, 638007413387, vstest.console.dll, TestRequestSender.OnExecutionMessageReceived: Received message: {"Version":7,"MessageType":"TestSession.Message","Payload":{"MessageLevel":0,"Message":"NUnit Adapter 4.5.0.0: Test execution complete"}}
TpTrace Verbose: 0 : 34284, 13, 2024/08/19, 10:20:32.141, 638007423143, vstest.console.dll, TestRunRequest:SendTestRunMessage: Starting.
TpTrace Verbose: 0 : 34284, 13, 2024/08/19, 10:20:32.141, 638007424949, vstest.console.dll, MulticastDelegateUtilities.SafeInvoke: TestRun.LogMessages: Invoking callback 1/1 for Microsoft.VisualStudio.TestPlatform.CommandLine.TestRunResultAggregator., took 0 ms.
TpTrace Verbose: 0 : 34284, 4, 2024/08/19, 10:20:32.141, 638007425442, vstest.console.dll, MulticastDelegateUtilities.SafeInvoke: InternalTestLoggerEvents.SendTestRunMessage: Invoking callback 1/1 for Microsoft.VisualStudio.TestPlatform.CommandLine.Internal.ConsoleLogger., took 0 ms.
TpTrace Information: 0 : 34284, 13, 2024/08/19, 10:20:32.141, 638007425946, vstest.console.dll, TestRunRequest:SendTestRunMessage: Completed.
TpTrace Verbose: 0 : 34284, 13, 2024/08/19, 10:20:32.141, 638007428781, vstest.console.dll, MulticastDelegateUtilities.SafeInvoke: LengthPrefixCommunicationChannel: MessageReceived: Invoking callback 1/1 for Microsoft.VisualStudio.TestPlatform.CommunicationUtilities.TestRequestSender+<>c__DisplayClass34_0., took 1 ms.
TpTrace Verbose: 0 : 34284, 13, 2024/08/19, 10:20:32.141, 638007429756, vstest.console.dll, TcpClientExtensions.MessageLoopAsync: Polling on remoteEndPoint: 127.0.0.1:63434 localEndPoint: 127.0.0.1:63433 after 52 ms
TpTrace Verbose: 0 : 34284, 13, 2024/08/19, 10:20:32.199, 638008001700, vstest.console.dll, TcpClientExtensions.MessageLoopAsync: NotifyDataAvailable remoteEndPoint: 127.0.0.1:63434 localEndPoint: 127.0.0.1:63433
TpTrace Verbose: 0 : 34284, 13, 2024/08/19, 10:20:32.199, 638008005442, vstest.console.dll, TestRequestSender.OnExecutionMessageReceived: Received message: {"Version":7,"MessageType":"TestExecution.Completed","Payload":{"TestRunCompleteArgs":{"TestRunStatistics":{"ExecutedTests":1,"Stats":{"Passed":1}},"IsCanceled":false,"IsAborted":false,"Error":null,"AttachmentSets":[],"InvokedDataCollectors":[],"ElapsedTimeInRunningTests":"00:00:02.5506010","Metrics":{},"DiscoveredExtensions":{"TestDiscoverers":["NUnit.VisualStudio.TestAdapter.NUnit3TestDiscoverer, NUnit3.TestAdapter, Version=4.5.0.0, Culture=neutral, PublicKeyToken=4cb40d35494691ac"],"TestExecutors":["executor://NUnit3TestExecutor"],"TestExecutors2":[],"TestSettingsProviders":[]}},"LastRunTests":{"NewTestResults":[{"TestCase":{"Id":"ae4237c4-b232-caa0-48c6-aafdc58d7e8f","FullyQualifiedName":"ReelMatics.Tests.Features.ReelMaticsSlotMachineSpinFeature.SpinTheReelsAndDisplayTheScreen","DisplayName":"SpinTheReelsAndDisplayTheScreen","ExecutorUri":"executor://NUnit3TestExecutor","Source":"C:\\Dev\\ReelMatics\\ReelMatics.Tests\\bin\\Debug\\net8.0\\fine-code-coverage\\build-output\\ReelMatics.Tests.dll","CodeFilePath":null,"LineNumber":0,"Properties":[{"Key":{"Id":"NUnit.Seed","Label":"Seed","Category":"","Description":"","Attributes":0,"ValueType":"System.String"},"Value":"1562223977"}]},"Attachments":[],"Outcome":1,"ErrorMessage":null,"ErrorStackTrace":null,"DisplayName":"SpinTheReelsAndDisplayTheScreen","Messages":[{"Category":"StdOutMsgs","Text":"Given the slot machine has been spun\r\n-> done: ReelMaticsStepDefinitions.GivenTheSlotMachineHasBeenSpun() (0,0s)\r\nWhen capturing the results\r\n-> done: ReelMaticsStepDefinitions.WhenCapturingTheResults() (0,0s)\r\nThen the stop positions should be displayed\r\n-> done: ReelMaticsStepDefinitions.ThenTheStopPositionsShouldBeDisplayed() (0,1s)\r\nAnd the screen should display the correct symbols\r\n-> done: ReelMaticsStepDefinitions.ThenTheScreenShouldDisplayTheCorrectSymbols() (0,0s)\r\n"}],"ComputerName":"FPKIEPILLL","Duration":"00:00:00.1895330","StartTime":"2024-08-19T08:20:31.851023+00:00","EndTime":"2024-08-19T08:20:32.0403452+00:00","Properties":[{"Key":{"Id":"NUnit.Seed","Label":"Seed","Category":"","Description":"","Attributes":0,"ValueType":"System.String"},"Value":"1562223977"}]}],"TestRunStatistics":{"ExecutedTests":1,"Stats":{"Passed":1}},"ActiveTests":[]},"RunAttachments":[],"ExecutorUris":["executor://nunit3testexecutor/"]}}
TpTrace Verbose: 0 : 34284, 13, 2024/08/19, 10:20:32.199, 638008008988, vstest.console.dll, TestRequestSender.EndSession: Sending end session.
TpTrace Verbose: 0 : 34284, 13, 2024/08/19, 10:20:32.200, 638008016815, vstest.console.dll, ProxyOperationManager.Close: waiting for test host to exit for 100 ms
TpTrace Verbose: 0 : 34284, 11, 2024/08/19, 10:20:32.254, 638008552277, vstest.console.dll, TestHostManagerCallbacks.ctor: Experimental forwarding output is disabled.
TpTrace Warning: 0 : 34284, 11, 2024/08/19, 10:20:32.254, 638008553947, vstest.console.dll, TestHostManagerCallbacks.ErrorReceivedCallback Test host standard error line: 
TpTrace Verbose: 0 : 34284, 11, 2024/08/19, 10:20:32.281, 638008825164, vstest.console.dll, TestHostProvider.ExitCallBack: Host exited starting callback.
TpTrace Information: 0 : 34284, 11, 2024/08/19, 10:20:32.281, 638008827907, vstest.console.dll, TestHostManagerCallbacks.ExitCallBack: Testhost processId: 33056 exited with exitcode: 0 error: ''
TpTrace Verbose: 0 : 34284, 11, 2024/08/19, 10:20:32.281, 638008829026, vstest.console.dll, DotnetTestHostManager.OnHostExited: invoking OnHostExited callback
TpTrace Verbose: 0 : 34284, 11, 2024/08/19, 10:20:32.281, 638008830008, vstest.console.dll, CrossPlatEngine.TestHostManagerHostExited: calling on client process exit callback.
TpTrace Information: 0 : 34284, 11, 2024/08/19, 10:20:32.282, 638008831137, vstest.console.dll, TestRequestSender.OnClientProcessExit: Test host process exited. Standard error: 
TpTrace Information: 0 : 34284, 13, 2024/08/19, 10:20:32.282, 638008831634, vstest.console.dll, SocketServer.Stop: Stop server endPoint: 127.0.0.1:63433
TpTrace Information: 0 : 34284, 13, 2024/08/19, 10:20:32.282, 638008833162, vstest.console.dll, SocketServer.Stop: Cancellation requested. Stopping message loop.
TpTrace Information: 0 : 34284, 11, 2024/08/19, 10:20:32.282, 638008832070, vstest.console.dll, SocketServer.Stop: Stop server endPoint: 127.0.0.1:63433
TpTrace Information: 0 : 34284, 11, 2024/08/19, 10:20:32.282, 638008834933, vstest.console.dll, SocketServer.Stop: Cancellation requested. Stopping message loop.
TpTrace Information: 0 : 34284, 13, 2024/08/19, 10:20:32.282, 638008835586, vstest.console.dll, Closing the connection
TpTrace Verbose: 0 : 34284, 11, 2024/08/19, 10:20:32.282, 638008835951, vstest.console.dll, MulticastDelegateUtilities.SafeInvoke: HostProviderEvents.OnHostExited: Invoking callback 1/1 for Microsoft.VisualStudio.TestPlatform.CrossPlatEngine.Client.ProxyOperationManager., took 0 ms.
TpTrace Verbose: 0 : 34284, 13, 2024/08/19, 10:20:32.282, 638008840012, vstest.console.dll, ProxyDataCollectionManager.InvokeDataCollectionServiceAction: Starting.
TpTrace Information: 0 : 34284, 13, 2024/08/19, 10:20:32.282, 638008840888, vstest.console.dll, ProxyDataCollectionManager.AfterTestRunEnd: Get attachment set and invoked data collectors processId: 14456 port: 63428
TpTrace Verbose: 0 : 34284, 13, 2024/08/19, 10:20:32.283, 638008841633, vstest.console.dll, DataCollectionRequestSender.SendAfterTestRunStartAndGetResult: Send AfterTestRunEnd message with isCancelled: False
TpTrace Verbose: 0 : 34284, 13, 2024/08/19, 10:20:32.296, 638008976519, vstest.console.dll, DataCollectionRequestSender.SendAfterTestRunStartAndGetResult: Received message: (DataCollection.AfterTestRunEndResult) -> {"MessageType":"DataCollection.AfterTestRunEndResult","Payload":{"AttachmentSets":[],"InvokedDataCollectors":[{"Uri":"datacollector://Microsoft/TestPlatform/Extensions/Blame/v1","FriendlyName":"Blame","AssemblyQualifiedName":"Microsoft.TestPlatform.Extensions.BlameDataCollector.BlameCollector, Microsoft.TestPlatform.Extensions.BlameDataCollector, Version=15.0.0.0, Culture=neutral, PublicKeyToken=b03f5f7f11d50a3a","FilePath":"C:\\Program Files\\dotnet\\sdk\\8.0.304\\Extensions\\Microsoft.TestPlatform.Extensions.BlameDataCollector.dll","HasAttachmentProcessor":false}],"Metrics":{}}}
TpTrace Information: 0 : 34284, 13, 2024/08/19, 10:20:32.306, 638009076306, vstest.console.dll, ProxyDataCollectionManager.InvokeDataCollectionServiceAction: Completed.
TpTrace Warning: 0 : 34284, 10, 2024/08/19, 10:20:32.336, 638009379862, vstest.console.dll, DataCollectionLauncher.ErrorReceivedCallback datacollector standard error line: 
TpTrace Information: 0 : 34284, 10, 2024/08/19, 10:20:32.346, 638009471585, vstest.console.dll, DataCollectionLauncher.ExitCallBack: Data collector exited with exitcode: 0 error: ''
TpTrace Verbose: 0 : 34284, 13, 2024/08/19, 10:20:32.404, 638010055949, vstest.console.dll, TestRunRequest:SendTestRunStatsChange: Starting.
TpTrace Verbose: 0 : 34284, 13, 2024/08/19, 10:20:32.405, 638010064553, vstest.console.dll, MulticastDelegateUtilities.SafeInvoke: TestRun.RunStatsChanged: Invoking callbacks was skipped because there are no subscribers.
TpTrace Information: 0 : 34284, 13, 2024/08/19, 10:20:32.405, 638010065937, vstest.console.dll, TestRunRequest:SendTestRunStatsChange: Completed.
TpTrace Verbose: 0 : 34284, 13, 2024/08/19, 10:20:32.406, 638010072147, vstest.console.dll, ParallelProxyExecutionManager: HandlePartialRunComplete: Total workloads = 1, Total started clients = 1 Total completed clients = 1, Run complete = True, Run canceled: False.
TpTrace Verbose: 0 : 34284, 13, 2024/08/19, 10:20:32.406, 638010073017, vstest.console.dll, ParallelProxyExecutionManager: HandlePartialRunComplete: All runs completed stopping all managers.
TpTrace Verbose: 0 : 34284, 13, 2024/08/19, 10:20:32.406, 638010073629, vstest.console.dll, ParallelOperationManager.StopAllManagers: Stopping all managers.
TpTrace Verbose: 0 : 34284, 13, 2024/08/19, 10:20:32.406, 638010074173, vstest.console.dll, ParallelOperationManager.ClearSlots: Clearing all slots. Slots should accept more work: False
TpTrace Verbose: 0 : 34284, 13, 2024/08/19, 10:20:32.406, 638010074978, vstest.console.dll, ParallelOperationManager.SetOccupiedSlotCount: Setting slot counts AvailableSlotCount = 1, OccupiedSlotCount = 0.
TpTrace Verbose: 0 : 34284, 13, 2024/08/19, 10:20:32.406, 638010075810, vstest.console.dll, Occupied slots:

TpTrace Verbose: 0 : 34284, 4, 2024/08/19, 10:20:32.407, 638010089309, vstest.console.dll, MulticastDelegateUtilities.SafeInvoke: InternalTestLoggerEvents.SendTestResult: Invoking callback 1/1 for Microsoft.VisualStudio.TestPlatform.CommandLine.Internal.ConsoleLogger., took 2 ms.
TpTrace Verbose: 0 : 34284, 4, 2024/08/19, 10:20:32.421, 638010226601, vstest.console.dll, MulticastDelegateUtilities.SafeInvoke: InternalTestLoggerEvents.SendTestRunComplete: Invoking callback 1/2 for Microsoft.TestPlatform.Extensions.BlameDataCollector.BlameLogger., took 0 ms.
TpTrace Verbose: 0 : 34284, 4, 2024/08/19, 10:20:32.431, 638010329055, vstest.console.dll, MulticastDelegateUtilities.SafeInvoke: InternalTestLoggerEvents.SendTestRunComplete: Invoking callback 2/2 for Microsoft.VisualStudio.TestPlatform.CommandLine.Internal.ConsoleLogger., took 10 ms.
TpTrace Verbose: 0 : 34284, 13, 2024/08/19, 10:20:32.432, 638010333857, vstest.console.dll, TestRunRequest:TestRunComplete: Starting. IsAborted:False IsCanceled:False.
TpTrace Verbose: 0 : 34284, 13, 2024/08/19, 10:20:32.432, 638010336565, vstest.console.dll, ParallelOperationManager.DoActionOnAllManagers: Calling an action on all managers.
TpTrace Verbose: 0 : 34284, 13, 2024/08/19, 10:20:32.434, 638010351497, vstest.console.dll, TestLoggerManager.HandleTestRunComplete: Ignoring as the object is disposed.
TpTrace Verbose: 0 : 34284, 13, 2024/08/19, 10:20:32.434, 638010354724, vstest.console.dll, MulticastDelegateUtilities.SafeInvoke: TestRun.TestRunComplete: Invoking callback 1/2 for Microsoft.VisualStudio.TestPlatform.CommandLine.TestRunResultAggregator., took 0 ms.
TpTrace Verbose: 0 : 34284, 13, 2024/08/19, 10:20:32.434, 638010356571, vstest.console.dll, MulticastDelegateUtilities.SafeInvoke: TestRun.TestRunComplete: Invoking callback 2/2 for Microsoft.VisualStudio.TestPlatform.CommandLine.Processors.RunTestsArgumentExecutor+TestRunRequestEventsRegistrar., took 0 ms.
TpTrace Information: 0 : 34284, 13, 2024/08/19, 10:20:32.434, 638010358295, vstest.console.dll, TestRunRequest:TestRunComplete: Completed.
TpTrace Verbose: 0 : 34284, 1, 2024/08/19, 10:20:32.434, 638010359024, vstest.console.dll, TestRunRequest.Dispose: Starting.
TpTrace Verbose: 0 : 34284, 13, 2024/08/19, 10:20:32.434, 638010359968, vstest.console.dll, TestRequestSender.SetOperationComplete: Setting operation complete.
TpTrace Information: 0 : 34284, 1, 2024/08/19, 10:20:32.435, 638010361337, vstest.console.dll, TestRunRequest.Dispose: Completed.
TpTrace Information: 0 : 34284, 13, 2024/08/19, 10:20:32.435, 638010362609, vstest.console.dll, SocketServer.Stop: Stop server endPoint: 127.0.0.1:63433
TpTrace Information: 0 : 34284, 1, 2024/08/19, 10:20:32.435, 638010363951, vstest.console.dll, TestRequestManager.RunTests: run tests completed.
TpTrace Information: 0 : 34284, 13, 2024/08/19, 10:20:32.435, 638010364865, vstest.console.dll, SocketServer.Stop: Cancellation requested. Stopping message loop.
TpTrace Information: 0 : 34284, 1, 2024/08/19, 10:20:32.435, 638010367134, vstest.console.dll, RunTestsArgumentProcessor:Execute: Test run is completed.
TpTrace Verbose: 0 : 34284, 13, 2024/08/19, 10:20:32.435, 638010367361, vstest.console.dll, MulticastDelegateUtilities.SafeInvoke: LengthPrefixCommunicationChannel: MessageReceived: Invoking callback 1/1 for Microsoft.VisualStudio.TestPlatform.CommunicationUtilities.TestRequestSender+<>c__DisplayClass34_0., took 236 ms.
TpTrace Information: 0 : 34284, 13, 2024/08/19, 10:20:32.435, 638010369549, vstest.console.dll, SocketServer.PrivateStop: Stopping server endPoint: 127.0.0.1:63433 error: 
TpTrace Verbose: 0 : 34284, 1, 2024/08/19, 10:20:32.436, 638010372620, vstest.console.dll, Executor.Execute: Exiting with exit code of 0
TpTrace Verbose: 0 : 34284, 13, 2024/08/19, 10:20:32.437, 638010387330, vstest.console.dll, LengthPrefixCommunicationChannel.Dispose: Dispose reader and writer.
TpTrace Information: 0 : 34284, 13, 2024/08/19, 10:20:32.437, 638010389173, vstest.console.dll, SocketServer.Stop: Raise disconnected event endPoint: 127.0.0.1:63433 error: 
TpTrace Verbose: 0 : 34284, 13, 2024/08/19, 10:20:32.438, 638010391477, vstest.console.dll, TestRequestSender: OnTestRunAbort: Operation is already complete. Skip error message.
TpTrace Verbose: 0 : 34284, 13, 2024/08/19, 10:20:32.438, 638010392584, vstest.console.dll, MulticastDelegateUtilities.SafeInvoke: SocketServer: ClientDisconnected: Invoking callback 1/1 for Microsoft.VisualStudio.TestPlatform.CommunicationUtilities.TestRequestSender., took 0 ms.
TpTrace Verbose: 0 : 34284, 13, 2024/08/19, 10:20:32.438, 638010393161, vstest.console.dll, TcpClientExtensions.MessageLoopAsync: exiting MessageLoopAsync remoteEndPoint: 127.0.0.1:63434 localEndPoint: 127.0.0.1:63433
